1540125728381	geckodriver	INFO	geckodriver 0.19.1
1540125728398	geckodriver	INFO	Listening on 127.0.0.1:56515
1540125731546	mozrunner::runner	INFO	Running command: "C:\\Program Files\\Mozilla Firefox\\firefox.exe" "-marionette" "-profile" "C:\\Users\\Owner\\AppData\\Local\\Temp\\rust_mozprofile.sxaLVQUg2pxu"
1540125731939	addons.manager	DEBUG	Application has been upgraded
1540125731977	addons.manager	DEBUG	Loaded provider scope for resource://gre/modules/addons/XPIProvider.jsm: ["XPIProvider", "XPIInternal"]
1540125731982	addons.manager	DEBUG	Loaded provider scope for resource://gre/modules/LightweightThemeManager.jsm: ["LightweightThemeManager"]
1540125732010	addons.manager	DEBUG	Loaded provider scope for resource://gre/modules/addons/GMPProvider.jsm
1540125732013	addons.manager	DEBUG	Loaded provider scope for resource://gre/modules/addons/PluginProvider.jsm
1540125732014	addons.manager	DEBUG	Starting provider: XPIProvider
1540125732014	addons.xpi	DEBUG	startup
1540125732016	addons.xpi	INFO	SystemAddonLocation directory is missing
1540125732032	addons.xpi	INFO	Removing all system add-on upgrades.
1540125732033	addons.xpi	DEBUG	checkForChanges
1540125732034	addons.xpi	DEBUG	Loaded add-on state: ${}
1540125732035	addons.xpi	DEBUG	New add-on activity-stream@mozilla.org in app-system-defaults
1540125732037	addons.xpi	DEBUG	New add-on aushelper@mozilla.org in app-system-defaults
1540125732037	addons.xpi	DEBUG	New add-on firefox@getpocket.com in app-system-defaults
1540125732039	addons.xpi	DEBUG	New add-on formautofill@mozilla.org in app-system-defaults
1540125732039	addons.xpi	DEBUG	New add-on onboarding@mozilla.org in app-system-defaults
1540125732040	addons.xpi	DEBUG	New add-on screenshots@mozilla.org in app-system-defaults
1540125732041	addons.xpi	DEBUG	New add-on webcompat-reporter@mozilla.org in app-system-defaults
1540125732042	addons.xpi	DEBUG	New add-on webcompat@mozilla.org in app-system-defaults
1540125732043	addons.xpi	DEBUG	scanForChanges changed: true, state: {}
1540125732054	addons.xpi-utils	DEBUG	Error: Synchronously loading the add-ons database (resource://gre/modules/addons/XPIDatabase.jsm:1329:15) JS Stack trace: syncLoadDB@XPIDatabase.jsm:1329:15
checkForChanges@XPIProvider.jsm:2537:9
startup@XPIProvider.jsm:2120:25
callProvider@AddonManager.jsm:206:12
_startProvider@AddonManager.jsm:654:5
startup@AddonManager.jsm:813:9
startup@AddonManager.jsm:2811:5
observe@addonManager.js:66:9
1540125732055	addons.xpi-utils	DEBUG	Starting async load of XPI database C:\Users\Owner\AppData\Local\Temp\rust_mozprofile.sxaLVQUg2pxu\extensions.json
1540125732105	addons.xpi-utils	DEBUG	New add-on activity-stream@mozilla.org installed in app-system-defaults
*** Blocklist::_preloadBlocklistFile: blocklist is disabled
1540125732213	addons.xpi-utils	DEBUG	New add-on aushelper@mozilla.org installed in app-system-defaults
1540125732223	addons.xpi-utils	DEBUG	New add-on firefox@getpocket.com installed in app-system-defaults
1540125732234	addons.xpi-utils	DEBUG	New add-on formautofill@mozilla.org installed in app-system-defaults
1540125732244	addons.xpi-utils	DEBUG	New add-on onboarding@mozilla.org installed in app-system-defaults
1540125732254	addons.xpi-utils	DEBUG	New add-on screenshots@mozilla.org installed in app-system-defaults
1540125732265	addons.xpi-utils	DEBUG	New add-on webcompat-reporter@mozilla.org installed in app-system-defaults
1540125732275	addons.xpi-utils	DEBUG	New add-on webcompat@mozilla.org installed in app-system-defaults
1540125732279	addons.xpi-utils	DEBUG	XPI Database saved, setting schema version preference to 27
1540125732466	addons.manager	DEBUG	Registering startup change 'installed' for activity-stream@mozilla.org
1540125732475	addons.xpi	DEBUG	Loading bootstrap scope from C:\Program Files\Mozilla Firefox\browser\features\activity-stream@mozilla.org.xpi
1540125732481	addons.xpi	DEBUG	Calling bootstrap method install on activity-stream@mozilla.org version 2018.08.22.1219-93becf29
1540125732481	addons.xpi-utils	DEBUG	Make addon app-system-defaults:activity-stream@mozilla.org visible
1540125732481	addons.xpi	DEBUG	Updating XPIState for {"id":"activity-stream@mozilla.org","syncGUID":"{edc09f67-a207-4dcf-a650-e20f4c7fa84e}","version":"2018.08.22.1219-93becf29","type":"extension","defaultLocale":{"name":"Activity Stream","description":"A rich visual history feed and a reimagined home page make it easier than ever to find exactly what you're looking for in Firefox."},"visible":true,"active":false,"userDisabled":false,"appDisabled":false,"installDate":1538903301139,"updateDate":1538903301139,"applyBackgroundUpdates":1,"path":"C:\\Program Files\\Mozilla Firefox\\browser\\features\\activity-stream@mozilla.org.xpi","skinnable":false,"sourceURI":null,"releaseNotesURI":null,"softDisabled":false,"foreignInstall":false,"strictCompatibility":false,"locales":[],"targetApplications":[{"id":"{ec8030f7-c20a-464f-9b0e-13a3a9e97384}","minVersion":"62.0.3","maxVersion":"62.*"}],"targetPlatforms":[],"seen":true,"dependencies":[],"hasEmbeddedWebExtension":false,"userPermissions":null,"icons":{},"blocklistState":0,"blocklistURL":null,"startupData":null,"location":"app-system-defaults"}
1540125732482	addons.manager	DEBUG	Registering startup change 'installed' for aushelper@mozilla.org
1540125732482	addons.xpi	DEBUG	Loading bootstrap scope from C:\Program Files\Mozilla Firefox\browser\features\aushelper@mozilla.org.xpi
1540125732488	addons.xpi	DEBUG	Calling bootstrap method install on aushelper@mozilla.org version 2.0
1540125732489	addons.xpi-utils	DEBUG	Make addon app-system-defaults:aushelper@mozilla.org visible
1540125732489	addons.xpi	DEBUG	Updating XPIState for {"id":"aushelper@mozilla.org","syncGUID":"{68caea20-64e6-4cb7-9204-e1b031b9580f}","version":"2.0","type":"extension","defaultLocale":{"name":"Application Update Service Helper","description":"Sets value(s) in the update url based on custom checks."},"visible":true,"active":false,"userDisabled":false,"appDisabled":false,"installDate":1538903299951,"updateDate":1538903299951,"applyBackgroundUpdates":1,"path":"C:\\Program Files\\Mozilla Firefox\\browser\\features\\aushelper@mozilla.org.xpi","skinnable":false,"sourceURI":null,"releaseNotesURI":null,"softDisabled":false,"foreignInstall":false,"strictCompatibility":false,"locales":[],"targetApplications":[{"id":"{ec8030f7-c20a-464f-9b0e-13a3a9e97384}","minVersion":"62.0.3","maxVersion":"62.*"}],"targetPlatforms":[],"seen":true,"dependencies":[],"hasEmbeddedWebExtension":false,"userPermissions":null,"icons":{},"blocklistState":0,"blocklistURL":null,"startupData":null,"location":"app-system-defaults"}
1540125732489	addons.manager	DEBUG	Registering startup change 'installed' for firefox@getpocket.com
1540125732490	addons.xpi	DEBUG	Loading bootstrap scope from C:\Program Files\Mozilla Firefox\browser\features\firefox@getpocket.com.xpi
1540125732500	addons.xpi	DEBUG	Calling bootstrap method install on firefox@getpocket.com version 1.0.5
1540125732500	addons.xpi-utils	DEBUG	Make addon app-system-defaults:firefox@getpocket.com visible
1540125732500	addons.xpi	DEBUG	Updating XPIState for {"id":"firefox@getpocket.com","syncGUID":"{59dda918-1358-4bec-aefb-60cccf053280}","version":"1.0.5","type":"extension","defaultLocale":{"name":"Pocket","description":"When you find something you want to view later, put it in Pocket."},"visible":true,"active":false,"userDisabled":false,"appDisabled":false,"installDate":1538903299916,"updateDate":1538903299916,"applyBackgroundUpdates":1,"path":"C:\\Program Files\\Mozilla Firefox\\browser\\features\\firefox@getpocket.com.xpi","skinnable":false,"sourceURI":null,"releaseNotesURI":null,"softDisabled":false,"foreignInstall":false,"strictCompatibility":false,"locales":[],"targetApplications":[{"id":"{ec8030f7-c20a-464f-9b0e-13a3a9e97384}","minVersion":"62.0.3","maxVersion":"62.*"}],"targetPlatforms":[],"seen":true,"dependencies":[],"hasEmbeddedWebExtension":false,"userPermissions":null,"icons":{},"blocklistState":0,"blocklistURL":null,"startupData":null,"location":"app-system-defaults"}
1540125732501	addons.manager	DEBUG	Registering startup change 'installed' for formautofill@mozilla.org
1540125732501	addons.xpi	DEBUG	Loading bootstrap scope from C:\Program Files\Mozilla Firefox\browser\features\formautofill@mozilla.org.xpi
1540125732506	addons.xpi	DEBUG	Calling bootstrap method install on formautofill@mozilla.org version 1.0
1540125732506	addons.xpi-utils	DEBUG	Make addon app-system-defaults:formautofill@mozilla.org visible
1540125732506	addons.xpi	DEBUG	Updating XPIState for {"id":"formautofill@mozilla.org","syncGUID":"{06793a1d-9868-4340-8f3a-8273f2215bb2}","version":"1.0","type":"extension","defaultLocale":{"name":"Form Autofill","description":"Autofill forms with saved profiles"},"visible":true,"active":false,"userDisabled":false,"appDisabled":false,"installDate":1538903299802,"updateDate":1538903299802,"applyBackgroundUpdates":1,"path":"C:\\Program Files\\Mozilla Firefox\\browser\\features\\formautofill@mozilla.org.xpi","skinnable":false,"sourceURI":null,"releaseNotesURI":null,"softDisabled":false,"foreignInstall":false,"strictCompatibility":false,"locales":[],"targetApplications":[{"id":"{ec8030f7-c20a-464f-9b0e-13a3a9e97384}","minVersion":"62.0.3","maxVersion":"62.*"}],"targetPlatforms":[],"seen":true,"dependencies":[],"hasEmbeddedWebExtension":false,"userPermissions":null,"icons":{},"blocklistState":0,"blocklistURL":null,"startupData":null,"location":"app-system-defaults"}
1540125732506	addons.manager	DEBUG	Registering startup change 'installed' for onboarding@mozilla.org
1540125732507	addons.xpi	DEBUG	Loading bootstrap scope from C:\Program Files\Mozilla Firefox\browser\features\onboarding@mozilla.org.xpi
1540125732512	addons.xpi	DEBUG	Calling bootstrap method install on onboarding@mozilla.org version 1.0
1540125732513	addons.xpi-utils	DEBUG	Make addon app-system-defaults:onboarding@mozilla.org visible
1540125732513	addons.xpi	DEBUG	Updating XPIState for {"id":"onboarding@mozilla.org","syncGUID":"{f4989f6a-61b6-46c8-b7a4-31d041d245e6}","version":"1.0","type":"extension","defaultLocale":{"name":"Photon onboarding","description":"Photon onboarding"},"visible":true,"active":false,"userDisabled":false,"appDisabled":false,"installDate":1538903299652,"updateDate":1538903299652,"applyBackgroundUpdates":1,"path":"C:\\Program Files\\Mozilla Firefox\\browser\\features\\onboarding@mozilla.org.xpi","skinnable":false,"sourceURI":null,"releaseNotesURI":null,"softDisabled":false,"foreignInstall":false,"strictCompatibility":false,"locales":[],"targetApplications":[{"id":"{ec8030f7-c20a-464f-9b0e-13a3a9e97384}","minVersion":"62.0.3","maxVersion":"62.*"}],"targetPlatforms":[],"seen":true,"dependencies":[],"hasEmbeddedWebExtension":false,"userPermissions":null,"icons":{},"blocklistState":0,"blocklistURL":null,"startupData":null,"location":"app-system-defaults"}
1540125732513	addons.manager	DEBUG	Registering startup change 'installed' for screenshots@mozilla.org
1540125732514	addons.xpi	DEBUG	Loading bootstrap scope from C:\Program Files\Mozilla Firefox\browser\features\screenshots@mozilla.org.xpi
1540125732519	addons.xpi	DEBUG	Calling bootstrap method install on screenshots@mozilla.org version 33.0.0
1540125732519	addons.xpi-utils	DEBUG	Make addon app-system-defaults:screenshots@mozilla.org visible
1540125732519	addons.xpi	DEBUG	Updating XPIState for {"id":"screenshots@mozilla.org","syncGUID":"{41456a31-f46a-42f7-8e27-ad75240ef353}","version":"33.0.0","type":"extension","defaultLocale":{"name":"Firefox Screenshots","homepageURL":"https://screenshots.firefox.com/"},"visible":true,"active":false,"userDisabled":false,"appDisabled":false,"installDate":1536493180451,"updateDate":1536493180451,"applyBackgroundUpdates":1,"path":"C:\\Program Files\\Mozilla Firefox\\browser\\features\\screenshots@mozilla.org.xpi","skinnable":false,"sourceURI":null,"releaseNotesURI":null,"softDisabled":false,"foreignInstall":false,"strictCompatibility":false,"locales":[],"targetApplications":[{"id":"{ec8030f7-c20a-464f-9b0e-13a3a9e97384}","minVersion":"57.0a1","maxVersion":"*"}],"targetPlatforms":[],"seen":true,"dependencies":[],"hasEmbeddedWebExtension":false,"userPermissions":null,"icons":{},"blocklistState":0,"blocklistURL":null,"startupData":null,"location":"app-system-defaults"}
1540125732520	addons.manager	DEBUG	Registering startup change 'installed' for webcompat-reporter@mozilla.org
1540125732520	addons.xpi	DEBUG	Loading bootstrap scope from C:\Program Files\Mozilla Firefox\browser\features\webcompat-reporter@mozilla.org.xpi
1540125732524	addons.xpi	DEBUG	Calling bootstrap method install on webcompat-reporter@mozilla.org version 1.0.0
1540125732524	addons.xpi-utils	DEBUG	Make addon app-system-defaults:webcompat-reporter@mozilla.org visible
1540125732524	addons.xpi	DEBUG	Updating XPIState for {"id":"webcompat-reporter@mozilla.org","syncGUID":"{fe59e091-deb5-429e-b32a-90f9f8320b73}","version":"1.0.0","type":"extension","defaultLocale":{"name":"WebCompat Reporter","description":"Report site compatibility issues on webcompat.com."},"visible":true,"active":false,"userDisabled":false,"appDisabled":false,"installDate":1538903299590,"updateDate":1538903299590,"applyBackgroundUpdates":1,"path":"C:\\Program Files\\Mozilla Firefox\\browser\\features\\webcompat-reporter@mozilla.org.xpi","skinnable":false,"sourceURI":null,"releaseNotesURI":null,"softDisabled":false,"foreignInstall":false,"strictCompatibility":false,"locales":[],"targetApplications":[{"id":"{ec8030f7-c20a-464f-9b0e-13a3a9e97384}","minVersion":"62.0.3","maxVersion":"62.*"}],"targetPlatforms":[],"seen":true,"dependencies":[],"hasEmbeddedWebExtension":false,"userPermissions":null,"icons":{},"blocklistState":0,"blocklistURL":null,"startupData":null,"location":"app-system-defaults"}
1540125732525	addons.manager	DEBUG	Registering startup change 'installed' for webcompat@mozilla.org
1540125732525	addons.xpi	DEBUG	Loading bootstrap scope from C:\Program Files\Mozilla Firefox\browser\features\webcompat@mozilla.org.xpi
1540125732530	addons.xpi	DEBUG	Calling bootstrap method install on webcompat@mozilla.org version 2.0
1540125732530	addons.xpi-utils	DEBUG	Make addon app-system-defaults:webcompat@mozilla.org visible
1540125732531	addons.xpi	DEBUG	Updating XPIState for {"id":"webcompat@mozilla.org","syncGUID":"{786c25ff-f69b-4cae-b784-a28aa369bb6d}","version":"2.0","type":"extension","defaultLocale":{"name":"Web Compat","description":"Urgent post-release fixes for web compatibility."},"visible":true,"active":false,"userDisabled":false,"appDisabled":false,"installDate":1538903299555,"updateDate":1538903299555,"applyBackgroundUpdates":1,"path":"C:\\Program Files\\Mozilla Firefox\\browser\\features\\webcompat@mozilla.org.xpi","skinnable":false,"sourceURI":null,"releaseNotesURI":null,"softDisabled":false,"foreignInstall":false,"strictCompatibility":false,"locales":[],"targetApplications":[{"id":"{ec8030f7-c20a-464f-9b0e-13a3a9e97384}","minVersion":"62.0.3","maxVersion":"62.*"},{"id":"{aa3c5121-dab2-40e2-81ca-7ea25febc110}","minVersion":"62.0.3","maxVersion":"62.*"}],"targetPlatforms":[],"seen":true,"dependencies":[],"hasEmbeddedWebExtension":true,"userPermissions":null,"icons":{},"blocklistState":0,"blocklistURL":null,"startupData":null,"location":"app-system-defaults"}
1540125732531	addons.xpi	DEBUG	Updating XPIState for {"id":"activity-stream@mozilla.org","syncGUID":"{edc09f67-a207-4dcf-a650-e20f4c7fa84e}","version":"2018.08.22.1219-93becf29","type":"extension","defaultLocale":{"name":"Activity Stream","description":"A rich visual history feed and a reimagined home page make it easier than ever to find exactly what you're looking for in Firefox."},"visible":true,"active":true,"userDisabled":false,"appDisabled":false,"installDate":1538903301139,"updateDate":1538903301139,"applyBackgroundUpdates":1,"path":"C:\\Program Files\\Mozilla Firefox\\browser\\features\\activity-stream@mozilla.org.xpi","skinnable":false,"sourceURI":null,"releaseNotesURI":null,"softDisabled":false,"foreignInstall":false,"strictCompatibility":false,"locales":[],"targetApplications":[{"id":"{ec8030f7-c20a-464f-9b0e-13a3a9e97384}","minVersion":"62.0.3","maxVersion":"62.*"}],"targetPlatforms":[],"seen":true,"dependencies":[],"hasEmbeddedWebExtension":false,"userPermissions":null,"icons":{},"blocklistState":0,"blocklistURL":null,"startupData":null,"location":"app-system-defaults"}
1540125732532	addons.xpi	DEBUG	Updating XPIState for {"id":"aushelper@mozilla.org","syncGUID":"{68caea20-64e6-4cb7-9204-e1b031b9580f}","version":"2.0","type":"extension","defaultLocale":{"name":"Application Update Service Helper","description":"Sets value(s) in the update url based on custom checks."},"visible":true,"active":true,"userDisabled":false,"appDisabled":false,"installDate":1538903299951,"updateDate":1538903299951,"applyBackgroundUpdates":1,"path":"C:\\Program Files\\Mozilla Firefox\\browser\\features\\aushelper@mozilla.org.xpi","skinnable":false,"sourceURI":null,"releaseNotesURI":null,"softDisabled":false,"foreignInstall":false,"strictCompatibility":false,"locales":[],"targetApplications":[{"id":"{ec8030f7-c20a-464f-9b0e-13a3a9e97384}","minVersion":"62.0.3","maxVersion":"62.*"}],"targetPlatforms":[],"seen":true,"dependencies":[],"hasEmbeddedWebExtension":false,"userPermissions":null,"icons":{},"blocklistState":0,"blocklistURL":null,"startupData":null,"location":"app-system-defaults"}
1540125732532	addons.xpi	DEBUG	Updating XPIState for {"id":"firefox@getpocket.com","syncGUID":"{59dda918-1358-4bec-aefb-60cccf053280}","version":"1.0.5","type":"extension","defaultLocale":{"name":"Pocket","description":"When you find something you want to view later, put it in Pocket."},"visible":true,"active":true,"userDisabled":false,"appDisabled":false,"installDate":1538903299916,"updateDate":1538903299916,"applyBackgroundUpdates":1,"path":"C:\\Program Files\\Mozilla Firefox\\browser\\features\\firefox@getpocket.com.xpi","skinnable":false,"sourceURI":null,"releaseNotesURI":null,"softDisabled":false,"foreignInstall":false,"strictCompatibility":false,"locales":[],"targetApplications":[{"id":"{ec8030f7-c20a-464f-9b0e-13a3a9e97384}","minVersion":"62.0.3","maxVersion":"62.*"}],"targetPlatforms":[],"seen":true,"dependencies":[],"hasEmbeddedWebExtension":false,"userPermissions":null,"icons":{},"blocklistState":0,"blocklistURL":null,"startupData":null,"location":"app-system-defaults"}
1540125732532	addons.xpi	DEBUG	Updating XPIState for {"id":"formautofill@mozilla.org","syncGUID":"{06793a1d-9868-4340-8f3a-8273f2215bb2}","version":"1.0","type":"extension","defaultLocale":{"name":"Form Autofill","description":"Autofill forms with saved profiles"},"visible":true,"active":true,"userDisabled":false,"appDisabled":false,"installDate":1538903299802,"updateDate":1538903299802,"applyBackgroundUpdates":1,"path":"C:\\Program Files\\Mozilla Firefox\\browser\\features\\formautofill@mozilla.org.xpi","skinnable":false,"sourceURI":null,"releaseNotesURI":null,"softDisabled":false,"foreignInstall":false,"strictCompatibility":false,"locales":[],"targetApplications":[{"id":"{ec8030f7-c20a-464f-9b0e-13a3a9e97384}","minVersion":"62.0.3","maxVersion":"62.*"}],"targetPlatforms":[],"seen":true,"dependencies":[],"hasEmbeddedWebExtension":false,"userPermissions":null,"icons":{},"blocklistState":0,"blocklistURL":null,"startupData":null,"location":"app-system-defaults"}
1540125732532	addons.xpi	DEBUG	Updating XPIState for {"id":"onboarding@mozilla.org","syncGUID":"{f4989f6a-61b6-46c8-b7a4-31d041d245e6}","version":"1.0","type":"extension","defaultLocale":{"name":"Photon onboarding","description":"Photon onboarding"},"visible":true,"active":true,"userDisabled":false,"appDisabled":false,"installDate":1538903299652,"updateDate":1538903299652,"applyBackgroundUpdates":1,"path":"C:\\Program Files\\Mozilla Firefox\\browser\\features\\onboarding@mozilla.org.xpi","skinnable":false,"sourceURI":null,"releaseNotesURI":null,"softDisabled":false,"foreignInstall":false,"strictCompatibility":false,"locales":[],"targetApplications":[{"id":"{ec8030f7-c20a-464f-9b0e-13a3a9e97384}","minVersion":"62.0.3","maxVersion":"62.*"}],"targetPlatforms":[],"seen":true,"dependencies":[],"hasEmbeddedWebExtension":false,"userPermissions":null,"icons":{},"blocklistState":0,"blocklistURL":null,"startupData":null,"location":"app-system-defaults"}
1540125732532	addons.xpi	DEBUG	Updating XPIState for {"id":"screenshots@mozilla.org","syncGUID":"{41456a31-f46a-42f7-8e27-ad75240ef353}","version":"33.0.0","type":"extension","defaultLocale":{"name":"Firefox Screenshots","homepageURL":"https://screenshots.firefox.com/"},"visible":true,"active":true,"userDisabled":false,"appDisabled":false,"installDate":1536493180451,"updateDate":1536493180451,"applyBackgroundUpdates":1,"path":"C:\\Program Files\\Mozilla Firefox\\browser\\features\\screenshots@mozilla.org.xpi","skinnable":false,"sourceURI":null,"releaseNotesURI":null,"softDisabled":false,"foreignInstall":false,"strictCompatibility":false,"locales":[],"targetApplications":[{"id":"{ec8030f7-c20a-464f-9b0e-13a3a9e97384}","minVersion":"57.0a1","maxVersion":"*"}],"targetPlatforms":[],"seen":true,"dependencies":[],"hasEmbeddedWebExtension":false,"userPermissions":null,"icons":{},"blocklistState":0,"blocklistURL":null,"startupData":null,"location":"app-system-defaults"}
1540125732533	addons.xpi	DEBUG	Updating XPIState for {"id":"webcompat-reporter@mozilla.org","syncGUID":"{fe59e091-deb5-429e-b32a-90f9f8320b73}","version":"1.0.0","type":"extension","defaultLocale":{"name":"WebCompat Reporter","description":"Report site compatibility issues on webcompat.com."},"visible":true,"active":true,"userDisabled":false,"appDisabled":false,"installDate":1538903299590,"updateDate":1538903299590,"applyBackgroundUpdates":1,"path":"C:\\Program Files\\Mozilla Firefox\\browser\\features\\webcompat-reporter@mozilla.org.xpi","skinnable":false,"sourceURI":null,"releaseNotesURI":null,"softDisabled":false,"foreignInstall":false,"strictCompatibility":false,"locales":[],"targetApplications":[{"id":"{ec8030f7-c20a-464f-9b0e-13a3a9e97384}","minVersion":"62.0.3","maxVersion":"62.*"}],"targetPlatforms":[],"seen":true,"dependencies":[],"hasEmbeddedWebExtension":false,"userPermissions":null,"icons":{},"blocklistState":0,"blocklistURL":null,"startupData":null,"location":"app-system-defaults"}
1540125732534	addons.xpi	DEBUG	Updating XPIState for {"id":"webcompat@mozilla.org","syncGUID":"{786c25ff-f69b-4cae-b784-a28aa369bb6d}","version":"2.0","type":"extension","defaultLocale":{"name":"Web Compat","description":"Urgent post-release fixes for web compatibility."},"visible":true,"active":true,"userDisabled":false,"appDisabled":false,"installDate":1538903299555,"updateDate":1538903299555,"applyBackgroundUpdates":1,"path":"C:\\Program Files\\Mozilla Firefox\\browser\\features\\webcompat@mozilla.org.xpi","skinnable":false,"sourceURI":null,"releaseNotesURI":null,"softDisabled":false,"foreignInstall":false,"strictCompatibility":false,"locales":[],"targetApplications":[{"id":"{ec8030f7-c20a-464f-9b0e-13a3a9e97384}","minVersion":"62.0.3","maxVersion":"62.*"},{"id":"{aa3c5121-dab2-40e2-81ca-7ea25febc110}","minVersion":"62.0.3","maxVersion":"62.*"}],"targetPlatforms":[],"seen":true,"dependencies":[],"hasEmbeddedWebExtension":true,"userPermissions":null,"icons":{},"blocklistState":0,"blocklistURL":null,"startupData":null,"location":"app-system-defaults"}
1540125732534	addons.xpi-utils	DEBUG	Updating add-on states
1540125732539	addons.xpi	DEBUG	Registering manifest for C:\Program Files\Mozilla Firefox\browser\features\activity-stream@mozilla.org.xpi
1540125732542	addons.xpi	DEBUG	Calling bootstrap method startup on activity-stream@mozilla.org version 2018.08.22.1219-93becf29
1540125732543	addons.xpi	DEBUG	Registering manifest for C:\Program Files\Mozilla Firefox\browser\features\aushelper@mozilla.org.xpi
1540125732545	addons.xpi	DEBUG	Calling bootstrap method startup on aushelper@mozilla.org version 2.0
1540125732547	addons.xpi	DEBUG	Registering manifest for C:\Program Files\Mozilla Firefox\browser\features\firefox@getpocket.com.xpi
1540125732549	addons.xpi	DEBUG	Calling bootstrap method startup on firefox@getpocket.com version 1.0.5
1540125732559	addons.xpi	DEBUG	Registering manifest for C:\Program Files\Mozilla Firefox\browser\features\formautofill@mozilla.org.xpi
1540125732561	addons.xpi	DEBUG	Calling bootstrap method startup on formautofill@mozilla.org version 1.0
1540125732563	addons.xpi	DEBUG	Registering manifest for C:\Program Files\Mozilla Firefox\browser\features\onboarding@mozilla.org.xpi
1540125732565	addons.xpi	DEBUG	Calling bootstrap method startup on onboarding@mozilla.org version 1.0
1540125732565	addons.xpi	DEBUG	Registering manifest for C:\Program Files\Mozilla Firefox\browser\features\screenshots@mozilla.org.xpi
1540125732567	addons.xpi	DEBUG	Calling bootstrap method startup on screenshots@mozilla.org version 33.0.0
1540125732567	addons.xpi	DEBUG	Registering manifest for C:\Program Files\Mozilla Firefox\browser\features\webcompat-reporter@mozilla.org.xpi
1540125732569	addons.xpi	DEBUG	Calling bootstrap method startup on webcompat-reporter@mozilla.org version 1.0.0
1540125732570	addons.xpi	DEBUG	Registering manifest for C:\Program Files\Mozilla Firefox\browser\features\webcompat@mozilla.org.xpi
1540125732573	addons.xpi	DEBUG	Calling bootstrap method startup on webcompat@mozilla.org version 2.0
1540125732575	addons.manager	DEBUG	Registering shutdown blocker for XPIProvider
1540125732576	addons.manager	DEBUG	Provider finished startup: XPIProvider
1540125732576	addons.manager	DEBUG	Starting provider: LightweightThemeManager
1540125732576	addons.manager	DEBUG	Registering shutdown blocker for LightweightThemeManager
1540125732577	addons.manager	DEBUG	Provider finished startup: LightweightThemeManager
1540125732578	addons.manager	DEBUG	Starting provider: GMPProvider
1540125732583	addons.manager	DEBUG	Registering shutdown blocker for GMPProvider
1540125732583	addons.manager	DEBUG	Provider finished startup: GMPProvider
1540125732583	addons.manager	DEBUG	Starting provider: PluginProvider
1540125732584	addons.manager	DEBUG	Registering shutdown blocker for PluginProvider
1540125732584	addons.manager	DEBUG	Provider finished startup: PluginProvider
1540125732586	addons.manager	DEBUG	Completed startup sequence
1540125734952	addons.xpi	DEBUG	Existing add-on activity-stream@mozilla.org in app-system-defaults
1540125734952	addons.xpi	DEBUG	Existing add-on aushelper@mozilla.org in app-system-defaults
1540125734953	addons.xpi	DEBUG	Existing add-on firefox@getpocket.com in app-system-defaults
1540125734953	addons.xpi	DEBUG	Existing add-on formautofill@mozilla.org in app-system-defaults
1540125734954	addons.xpi	DEBUG	Existing add-on onboarding@mozilla.org in app-system-defaults
1540125734954	addons.xpi	DEBUG	Existing add-on screenshots@mozilla.org in app-system-defaults
1540125734954	addons.xpi	DEBUG	Existing add-on webcompat-reporter@mozilla.org in app-system-defaults
1540125734955	addons.xpi	DEBUG	Existing add-on webcompat@mozilla.org in app-system-defaults
1540125734955	addons.xpi	DEBUG	scanForChanges changed: false, state: {}
1540125735296	Marionette	INFO	Listening on port 56523
1540125735486	Marionette	WARN	TLS certificate errors will be ignored for this session
1540125735584	Marionette	DEBUG	[6442450945] Frame script loaded
1540125735597	Marionette	DEBUG	[6442450945] Frame script registered
1540125735672	Marionette	DEBUG	[6442450945] Received DOM event beforeunload for about:blank
1540125735679	Marionette	DEBUG	[6442450945] Received DOM event pagehide for about:blank
1540125735685	Marionette	DEBUG	[6442450945] Received DOM event DOMContentLoaded for about:blank
1540125735704	Marionette	DEBUG	[6442450945] Received DOM event pageshow for about:blank
1540125739233	Marionette	DEBUG	[6442450945] Received DOM event beforeunload for about:blank
1540125739571	Marionette	DEBUG	[6442450945] Received DOM event pagehide for about:blank
1540125742177	Marionette	DEBUG	[6442450945] Received DOM event DOMContentLoaded for https://clockify.me/login
1540125743101	Marionette	DEBUG	[6442450945] Received DOM event pageshow for https://clockify.me/login
1540125743781	Marionette	DEBUG	[6442450945] Canceled page load listener because no navigation has been detected
1540125745046	Marionette	DEBUG	[6442450945] Canceled page load listener because no navigation has been detected
1540125746029	Marionette	DEBUG	[6442450945] Canceled page load listener because no navigation has been detected
1540125746340	Marionette	DEBUG	[6442450945] Canceled page load listener because no navigation has been detected
1540125746645	Marionette	DEBUG	[6442450945] Canceled page load listener because no navigation has been detected
1540125746939	Marionette	DEBUG	[6442450945] Canceled page load listener because no navigation has been detected
1540125747223	Marionette	DEBUG	[6442450945] Canceled page load listener because no navigation has been detected
1540125747514	Marionette	DEBUG	[6442450945] Canceled page load listener because no navigation has been detected
1540125747794	Marionette	DEBUG	[6442450945] Canceled page load listener because no navigation has been detected
1540125748111	Marionette	DEBUG	[6442450945] Canceled page load listener because no navigation has been detected
1540125748385	Marionette	DEBUG	[6442450945] Canceled page load listener because no navigation has been detected
1540125748660	Marionette	DEBUG	[6442450945] Canceled page load listener because no navigation has been detected
1540125748934	Marionette	DEBUG	[6442450945] Canceled page load listener because no navigation has been detected
1540125749222	Marionette	DEBUG	[6442450945] Canceled page load listener because no navigation has been detected
1540125749620	Marionette	DEBUG	[6442450945] Canceled page load listener because no navigation has been detected
1540125749919	Marionette	DEBUG	[6442450945] Canceled page load listener because no navigation has been detected
1540125750207	Marionette	DEBUG	[6442450945] Canceled page load listener because no navigation has been detected
1540125750482	Marionette	DEBUG	[6442450945] Canceled page load listener because no navigation has been detected
1540125750753	Marionette	DEBUG	[6442450945] Canceled page load listener because no navigation has been detected
1540125751043	Marionette	DEBUG	[6442450945] Canceled page load listener because no navigation has been detected
1540125751309	Marionette	DEBUG	[6442450945] Canceled page load listener because no navigation has been detected
1540125751596	Marionette	DEBUG	[6442450945] Canceled page load listener because no navigation has been detected
1540125751865	Marionette	DEBUG	[6442450945] Canceled page load listener because no navigation has been detected
1540125752128	Marionette	DEBUG	[6442450945] Canceled page load listener because no navigation has been detected
1540125752402	Marionette	DEBUG	[6442450945] Canceled page load listener because no navigation has been detected
1540125752695	Marionette	DEBUG	[6442450945] Canceled page load listener because no navigation has been detected
1540125752959	Marionette	DEBUG	[6442450945] Canceled page load listener because no navigation has been detected
1540125753268	Marionette	DEBUG	[6442450945] Canceled page load listener because no navigation has been detected
1540125753542	Marionette	DEBUG	[6442450945] Canceled page load listener because no navigation has been detected
1540125753817	Marionette	DEBUG	[6442450945] Canceled page load listener because no navigation has been detected
1540125754123	Marionette	DEBUG	[6442450945] Canceled page load listener because no navigation has been detected
1540125754399	Marionette	DEBUG	[6442450945] Canceled page load listener because no navigation has been detected
1540125754655	Marionette	DEBUG	[6442450945] Canceled page load listener because no navigation has been detected
1540125754810	addons.productaddons	INFO	sending request to: https://aus5.mozilla.org/update/3/GMP/62.0.3/20181001155545/WINNT_x86_64-msvc-x64/en-US/release/Windows_NT%2010.0.0.0.17134.345%20(x64)/default/default/update.xml
1540125754921	Marionette	DEBUG	[6442450945] Canceled page load listener because no navigation has been detected
1540125755190	Marionette	DEBUG	[6442450945] Canceled page load listener because no navigation has been detected
1540125755453	addons.productaddons	INFO	Completed downloading document
1540125755462	Marionette	DEBUG	[6442450945] Canceled page load listener because no navigation has been detected
1540125755737	Marionette	DEBUG	[6442450945] Canceled page load listener because no navigation has been detected
1540125755817	addons.productaddons	INFO	downloadXHR File download. status=200
1540125755823	addons.productaddons	INFO	Downloaded file will be saved to C:\Users\Owner\AppData\Local\Temp\tmpaddon-bdeccd
1540125756020	Marionette	DEBUG	[6442450945] Canceled page load listener because no navigation has been detected
1540125756283	Marionette	DEBUG	[6442450945] Canceled page load listener because no navigation has been detected
1540125756542	Marionette	DEBUG	[6442450945] Canceled page load listener because no navigation has been detected
1540125756826	Marionette	DEBUG	[6442450945] Canceled page load listener because no navigation has been detected
1540125757103	Marionette	DEBUG	[6442450945] Canceled page load listener because no navigation has been detected
1540125757146	addons.productaddons	INFO	downloadXHR File download. status=200
1540125757149	addons.productaddons	INFO	Downloaded file will be saved to C:\Users\Owner\AppData\Local\Temp\tmpaddon-e44902
1540125757370	Marionette	DEBUG	[6442450945] Canceled page load listener because no navigation has been detected
1540125757640	Marionette	DEBUG	[6442450945] Canceled page load listener because no navigation has been detected
1540125758051	Marionette	DEBUG	[6442450945] Canceled page load listener because no navigation has been detected
1540125758360	Marionette	DEBUG	[6442450945] Canceled page load listener because no navigation has been detected
1540125758631	Marionette	DEBUG	[6442450945] Canceled page load listener because no navigation has been detected
1540125758911	Marionette	DEBUG	[6442450945] Canceled page load listener because no navigation has been detected
1540125759184	Marionette	DEBUG	[6442450945] Canceled page load listener because no navigation has been detected
1540125759484	Marionette	DEBUG	[6442450945] Canceled page load listener because no navigation has been detected
1540125759769	Marionette	DEBUG	[6442450945] Canceled page load listener because no navigation has been detected
1540125760067	Marionette	DEBUG	[6442450945] Canceled page load listener because no navigation has been detected
1540125760812	Marionette	DEBUG	[6442450945] Canceled page load listener because no navigation has been detected
1540125761115	Marionette	DEBUG	[6442450945] Canceled page load listener because no navigation has been detected
1540125761172	Marionette	DEBUG	[6442450945] Received DOM event beforeunload for https://clockify.me/tracker
1540125761315	Marionette	DEBUG	[6442450945] Received DOM event pagehide for https://clockify.me/tracker
1540125761346	Marionette	DEBUG	[6442450945] Received DOM event unload for https://clockify.me/tracker
1540125761805	Marionette	DEBUG	[6442450945] Received observer notification outer-window-destroyed for 6442450950
1540125764115	Marionette	DEBUG	[6442450945] Received DOM event DOMContentLoaded for https://clockify.me/tracker
1540125764612	Marionette	DEBUG	[6442450945] Received DOM event pageshow for https://clockify.me/tracker
1540125765013	Marionette	DEBUG	[6442450945] Received DOM event beforeunload for https://clockify.me/tracker
1540125765141	Marionette	DEBUG	[6442450945] Received DOM event pagehide for https://clockify.me/tracker
1540125765146	Marionette	DEBUG	[6442450945] Received DOM event unload for https://clockify.me/tracker
1540125767820	Marionette	DEBUG	[6442450945] Received DOM event DOMContentLoaded for https://clockify.me/tracker
1540125768497	Marionette	DEBUG	[6442450945] Received DOM event pageshow for https://clockify.me/tracker
1540125769080	Marionette	DEBUG	[6442450945] Canceled page load listener because no navigation has been detected
1540125769339	Marionette	DEBUG	[6442450945] Canceled page load listener because no navigation has been detected
1540125769601	Marionette	DEBUG	[6442450945] Canceled page load listener because no navigation has been detected
1540125770216	Marionette	DEBUG	[6442450945] Canceled page load listener because no navigation has been detected
1540125770285	Marionette	DEBUG	[6442450945] Received DOM event beforeunload for https://clockify.me/login
1540125770353	Marionette	DEBUG	[6442450945] Received DOM event pagehide for https://clockify.me/login
1540125770367	Marionette	DEBUG	[6442450945] Received DOM event unload for https://clockify.me/login
1540125772085	Marionette	DEBUG	[6442450945] Received observer notification outer-window-destroyed for 6442450955
1540125772086	Marionette	DEBUG	[6442450945] Received DOM event DOMContentLoaded for https://clockify.me/login
1540125772430	Marionette	DEBUG	[6442450945] Received DOM event pageshow for https://clockify.me/login
1540125773141	Marionette	DEBUG	[6442450945] Canceled page load listener because no navigation has been detected
1540125774080	Marionette	DEBUG	[6442450945] Canceled page load listener because no navigation has been detected
1540125775236	Marionette	DEBUG	[6442450945] Canceled page load listener because no navigation has been detected
1540125775553	Marionette	DEBUG	[6442450945] Canceled page load listener because no navigation has been detected
1540125775853	Marionette	DEBUG	[6442450945] Canceled page load listener because no navigation has been detected
1540125776145	Marionette	DEBUG	[6442450945] Canceled page load listener because no navigation has been detected
1540125776429	Marionette	DEBUG	[6442450945] Canceled page load listener because no navigation has been detected
1540125776720	Marionette	DEBUG	[6442450945] Canceled page load listener because no navigation has been detected
1540125777009	Marionette	DEBUG	[6442450945] Canceled page load listener because no navigation has been detected
1540125777288	Marionette	DEBUG	[6442450945] Canceled page load listener because no navigation has been detected
1540125777559	Marionette	DEBUG	[6442450945] Canceled page load listener because no navigation has been detected
1540125777848	Marionette	DEBUG	[6442450945] Canceled page load listener because no navigation has been detected
1540125778128	Marionette	DEBUG	[6442450945] Canceled page load listener because no navigation has been detected
1540125778408	Marionette	DEBUG	[6442450945] Canceled page load listener because no navigation has been detected
1540125778688	Marionette	DEBUG	[6442450945] Canceled page load listener because no navigation has been detected
1540125778947	Marionette	DEBUG	[6442450945] Canceled page load listener because no navigation has been detected
1540125779221	Marionette	DEBUG	[6442450945] Canceled page load listener because no navigation has been detected
1540125779498	Marionette	DEBUG	[6442450945] Canceled page load listener because no navigation has been detected
1540125779770	Marionette	DEBUG	[6442450945] Canceled page load listener because no navigation has been detected
1540125780040	Marionette	DEBUG	[6442450945] Canceled page load listener because no navigation has been detected
1540125780309	Marionette	DEBUG	[6442450945] Canceled page load listener because no navigation has been detected
1540125780755	Marionette	DEBUG	[6442450945] Canceled page load listener because no navigation has been detected
1540125781116	Marionette	DEBUG	[6442450945] Canceled page load listener because no navigation has been detected
1540125781438	Marionette	DEBUG	[6442450945] Canceled page load listener because no navigation has been detected
1540125781725	Marionette	DEBUG	[6442450945] Canceled page load listener because no navigation has been detected
1540125782019	Marionette	DEBUG	[6442450945] Canceled page load listener because no navigation has been detected
1540125782277	Marionette	DEBUG	[6442450945] Canceled page load listener because no navigation has been detected
1540125782570	Marionette	DEBUG	[6442450945] Canceled page load listener because no navigation has been detected
1540125783315	Marionette	DEBUG	[6442450945] Canceled page load listener because no navigation has been detected
1540125783625	Marionette	DEBUG	[6442450945] Canceled page load listener because no navigation has been detected
1540125783633	Marionette	DEBUG	[6442450945] Received DOM event beforeunload for https://clockify.me/tracker
1540125783782	Marionette	DEBUG	[6442450945] Received DOM event pagehide for https://clockify.me/tracker
1540125783807	Marionette	DEBUG	[6442450945] Received DOM event unload for https://clockify.me/tracker
1540125784517	Marionette	DEBUG	[6442450945] Received observer notification outer-window-destroyed for 6442450959
1540125786493	Marionette	DEBUG	[6442450945] Received DOM event DOMContentLoaded for https://clockify.me/tracker
1540125786965	Marionette	DEBUG	[6442450945] Received DOM event pageshow for https://clockify.me/tracker
1540125787267	Marionette	DEBUG	[6442450945] Received DOM event beforeunload for https://clockify.me/tracker
1540125787391	Marionette	DEBUG	[6442450945] Received DOM event pagehide for https://clockify.me/tracker
1540125787405	Marionette	DEBUG	[6442450945] Received DOM event unload for https://clockify.me/tracker
1540125790429	Marionette	DEBUG	[6442450945] Received DOM event DOMContentLoaded for https://clockify.me/tracker
1540125790928	Marionette	DEBUG	[6442450945] Received DOM event pageshow for https://clockify.me/tracker
1540125791388	Marionette	DEBUG	[6442450945] Canceled page load listener because no navigation has been detected
1540125791641	Marionette	DEBUG	[6442450945] Canceled page load listener because no navigation has been detected
1540125791944	Marionette	DEBUG	[6442450945] Canceled page load listener because no navigation has been detected
1540125792737	Marionette	DEBUG	[6442450945] Canceled page load listener because no navigation has been detected
1540125792839	Marionette	DEBUG	[6442450945] Received DOM event beforeunload for https://clockify.me/login
1540125792899	Marionette	DEBUG	[6442450945] Received DOM event pagehide for https://clockify.me/login
1540125792911	Marionette	DEBUG	[6442450945] Received DOM event unload for https://clockify.me/login
1540125794756	Marionette	DEBUG	[6442450945] Received observer notification outer-window-destroyed for 6442450964
1540125794757	Marionette	DEBUG	[6442450945] Received DOM event DOMContentLoaded for https://clockify.me/login
1540125795079	Marionette	DEBUG	[6442450945] Received DOM event pageshow for https://clockify.me/login
1540125795711	Marionette	DEBUG	[6442450945] Canceled page load listener because no navigation has been detected
1540125796656	Marionette	DEBUG	[6442450945] Canceled page load listener because no navigation has been detected
1540125797069	Marionette	DEBUG	[6442450945] Canceled page load listener because no navigation has been detected
1540125802724	Marionette	DEBUG	[6442450945] Canceled page load listener because no navigation has been detected
1540125802789	Marionette	DEBUG	[6442450945] Received DOM event beforeunload for https://clockify.me/tracker
1540125803016	Marionette	DEBUG	[6442450945] Received DOM event pagehide for https://clockify.me/tracker
1540125803030	Marionette	DEBUG	[6442450945] Received DOM event unload for https://clockify.me/tracker
1540125803482	Marionette	DEBUG	[6442450945] Received observer notification outer-window-destroyed for 6442450968
1540125805713	Marionette	DEBUG	[6442450945] Received DOM event DOMContentLoaded for https://clockify.me/tracker
1540125806326	Marionette	DEBUG	[6442450945] Received DOM event pageshow for https://clockify.me/tracker
1540125806639	Marionette	DEBUG	[6442450945] Canceled page load listener because no navigation has been detected
1540125806909	Marionette	DEBUG	[6442450945] Canceled page load listener because no navigation has been detected
1540125807172	Marionette	DEBUG	[6442450945] Canceled page load listener because no navigation has been detected
1540125807804	Marionette	DEBUG	[6442450945] Canceled page load listener because no navigation has been detected
1540125807968	Marionette	DEBUG	[6442450945] Received DOM event beforeunload for https://clockify.me/login
1540125808023	Marionette	DEBUG	[6442450945] Received DOM event pagehide for https://clockify.me/login
1540125808034	Marionette	DEBUG	[6442450945] Received DOM event unload for https://clockify.me/login
1540125810055	Marionette	DEBUG	[6442450945] Received observer notification outer-window-destroyed for 6442450972
1540125810056	Marionette	DEBUG	[6442450945] Received DOM event DOMContentLoaded for https://clockify.me/login
1540125810356	Marionette	DEBUG	[6442450945] Received DOM event pageshow for https://clockify.me/login
1540125811407	Marionette	DEBUG	[6442450945] Canceled page load listener because no navigation has been detected
1540125812353	Marionette	DEBUG	[6442450945] Canceled page load listener because no navigation has been detected
1540125813357	Marionette	DEBUG	[6442450945] Canceled page load listener because no navigation has been detected
1540125813669	Marionette	DEBUG	[6442450945] Canceled page load listener because no navigation has been detected
1540125814005	Marionette	DEBUG	[6442450945] Canceled page load listener because no navigation has been detected
1540125814308	Marionette	DEBUG	[6442450945] Canceled page load listener because no navigation has been detected
1540125814591	Marionette	DEBUG	[6442450945] Canceled page load listener because no navigation has been detected
1540125814877	Marionette	DEBUG	[6442450945] Canceled page load listener because no navigation has been detected
1540125815156	Marionette	DEBUG	[6442450945] Canceled page load listener because no navigation has been detected
1540125816253	Marionette	DEBUG	[6442450945] Canceled page load listener because no navigation has been detected
1540125816573	Marionette	DEBUG	[6442450945] Canceled page load listener because no navigation has been detected
1540125816854	Marionette	DEBUG	[6442450945] Canceled page load listener because no navigation has been detected
1540125817133	Marionette	DEBUG	[6442450945] Canceled page load listener because no navigation has been detected
1540125817412	Marionette	DEBUG	[6442450945] Canceled page load listener because no navigation has been detected
1540125817722	Marionette	DEBUG	[6442450945] Canceled page load listener because no navigation has been detected
1540125818034	Marionette	DEBUG	[6442450945] Canceled page load listener because no navigation has been detected
1540125818339	Marionette	DEBUG	[6442450945] Canceled page load listener because no navigation has been detected
1540125818616	Marionette	DEBUG	[6442450945] Canceled page load listener because no navigation has been detected
1540125818889	Marionette	DEBUG	[6442450945] Canceled page load listener because no navigation has been detected
1540125819175	Marionette	DEBUG	[6442450945] Canceled page load listener because no navigation has been detected
1540125819477	Marionette	DEBUG	[6442450945] Canceled page load listener because no navigation has been detected
1540125819761	Marionette	DEBUG	[6442450945] Canceled page load listener because no navigation has been detected
1540125820022	Marionette	DEBUG	[6442450945] Canceled page load listener because no navigation has been detected
1540125820298	Marionette	DEBUG	[6442450945] Canceled page load listener because no navigation has been detected
1540125820572	Marionette	DEBUG	[6442450945] Canceled page load listener because no navigation has been detected
1540125820845	Marionette	DEBUG	[6442450945] Canceled page load listener because no navigation has been detected
1540125821128	Marionette	DEBUG	[6442450945] Canceled page load listener because no navigation has been detected
1540125821399	Marionette	DEBUG	[6442450945] Canceled page load listener because no navigation has been detected
1540125821653	Marionette	DEBUG	[6442450945] Canceled page load listener because no navigation has been detected
1540125822132	Marionette	DEBUG	[6442450945] Canceled page load listener because no navigation has been detected
1540125822947	Marionette	DEBUG	[6442450945] Canceled page load listener because no navigation has been detected
1540125823258	Marionette	DEBUG	[6442450945] Canceled page load listener because no navigation has been detected
1540125823531	Marionette	DEBUG	[6442450945] Canceled page load listener because no navigation has been detected
1540125823811	Marionette	DEBUG	[6442450945] Canceled page load listener because no navigation has been detected
1540125824120	Marionette	DEBUG	[6442450945] Canceled page load listener because no navigation has been detected
1540125824423	Marionette	DEBUG	[6442450945] Canceled page load listener because no navigation has been detected
1540125824707	Marionette	DEBUG	[6442450945] Canceled page load listener because no navigation has been detected
1540125825014	Marionette	DEBUG	[6442450945] Canceled page load listener because no navigation has been detected
1540125825276	Marionette	DEBUG	[6442450945] Canceled page load listener because no navigation has been detected
1540125825552	Marionette	DEBUG	[6442450945] Canceled page load listener because no navigation has been detected
1540125825841	Marionette	DEBUG	[6442450945] Canceled page load listener because no navigation has been detected
1540125826132	Marionette	DEBUG	[6442450945] Canceled page load listener because no navigation has been detected
1540125826422	Marionette	DEBUG	[6442450945] Canceled page load listener because no navigation has been detected
1540125826682	Marionette	DEBUG	[6442450945] Canceled page load listener because no navigation has been detected
1540125826956	Marionette	DEBUG	[6442450945] Canceled page load listener because no navigation has been detected
1540125827230	Marionette	DEBUG	[6442450945] Canceled page load listener because no navigation has been detected
1540125827519	Marionette	DEBUG	[6442450945] Canceled page load listener because no navigation has been detected
1540125827800	Marionette	DEBUG	[6442450945] Canceled page load listener because no navigation has been detected
1540125828076	Marionette	DEBUG	[6442450945] Canceled page load listener because no navigation has been detected
1540125828332	Marionette	DEBUG	[6442450945] Canceled page load listener because no navigation has been detected
1540125828606	Marionette	DEBUG	[6442450945] Canceled page load listener because no navigation has been detected
1540125828883	Marionette	DEBUG	[6442450945] Canceled page load listener because no navigation has been detected
1540125829632	Marionette	DEBUG	[6442450945] Canceled page load listener because no navigation has been detected
1540125829942	Marionette	DEBUG	[6442450945] Canceled page load listener because no navigation has been detected
1540125829951	Marionette	DEBUG	[6442450945] Received DOM event beforeunload for https://clockify.me/tracker
1540125830111	Marionette	DEBUG	[6442450945] Received DOM event pagehide for https://clockify.me/tracker
1540125830131	Marionette	DEBUG	[6442450945] Received DOM event unload for https://clockify.me/tracker
1540125830807	Marionette	DEBUG	[6442450945] Received observer notification outer-window-destroyed for 6442450976
1540125833204	Marionette	DEBUG	[6442450945] Received DOM event DOMContentLoaded for https://clockify.me/tracker
1540125833724	Marionette	DEBUG	[6442450945] Received DOM event pageshow for https://clockify.me/tracker
1540125834523	Marionette	DEBUG	[6442450945] Received DOM event beforeunload for https://clockify.me/tracker
1540125834651	Marionette	DEBUG	[6442450945] Received DOM event pagehide for https://clockify.me/tracker
1540125834657	Marionette	DEBUG	[6442450945] Received DOM event unload for https://clockify.me/tracker
1540125837322	Marionette	DEBUG	[6442450945] Received DOM event DOMContentLoaded for https://clockify.me/tracker
1540125837953	Marionette	DEBUG	[6442450945] Received DOM event pageshow for https://clockify.me/tracker
1540125838267	Marionette	DEBUG	[6442450945] Canceled page load listener because no navigation has been detected
1540125838518	Marionette	DEBUG	[6442450945] Canceled page load listener because no navigation has been detected
1540125838779	Marionette	DEBUG	[6442450945] Canceled page load listener because no navigation has been detected
1540125839397	Marionette	DEBUG	[6442450945] Canceled page load listener because no navigation has been detected
1540125839496	Marionette	INFO	Stopped listening on port 56523
1540125839582	addons.xpi	DEBUG	Calling bootstrap method shutdown on webcompat@mozilla.org version 2.0
1540125839583	addons.xpi	DEBUG	Calling bootstrap method shutdown on webcompat-reporter@mozilla.org version 1.0.0
1540125839584	addons.xpi	DEBUG	Calling bootstrap method shutdown on screenshots@mozilla.org version 33.0.0
1540125839589	addons.xpi	DEBUG	Calling bootstrap method shutdown on onboarding@mozilla.org version 1.0
1540125839590	addons.xpi	DEBUG	Calling bootstrap method shutdown on formautofill@mozilla.org version 1.0
1540125839595	addons.xpi	DEBUG	Calling bootstrap method shutdown on firefox@getpocket.com version 1.0.5
1540125839598	addons.xpi	DEBUG	Calling bootstrap method shutdown on aushelper@mozilla.org version 2.0
1540125839599	addons.xpi	DEBUG	Calling bootstrap method shutdown on activity-stream@mozilla.org version 2018.08.22.1219-93becf29
clockify.me/tracker
1539237805060	Marionette	DEBUG	[6442450945] Received DOM event unload for https://clockify.me/tracker
1539237807139	Marionette	DEBUG	[6442450945] Received DOM event DOMContentLoaded for https://clockify.me/tracker
1539237808052	Marionette	DEBUG	[6442450945] Received DOM event pageshow for https://clockify.me/tracker
1539237808508	Marionette	DEBUG	[6442450945] Canceled page load listener because no navigation has been detected
1539237808775	Marionette	DEBUG	[6442450945] Canceled page load listener because no navigation has been detected
1539237809079	Marionette	DEBUG	[6442450945] Canceled page load listener because no navigation has been detected
1539237809818	Marionette	DEBUG	[6442450945] Canceled page load listener because no navigation has been detected
1539237809899	Marionette	INFO	Stopped listening on port 52110
1539237809926	addons.xpi	DEBUG	Calling bootstrap method shutdown on webcompat@mozilla.org version 2.0
1539237809926	addons.xpi	DEBUG	Calling bootstrap method shutdown on webcompat-reporter@mozilla.org version 1.0.0
1539237809927	addons.xpi	DEBUG	Calling bootstrap method shutdown on screenshots@mozilla.org version 33.0.0
1539237809938	addons.xpi	DEBUG	Calling bootstrap method shutdown on onboarding@mozilla.org version 1.0
1539237809939	addons.xpi	DEBUG	Calling bootstrap method shutdown on formautofill@mozilla.org version 1.0
1539237809940	addons.xpi	DEBUG	Calling bootstrap method shutdown on firefox@getpocket.com version 1.0.5
1539237809940	addons.xpi	DEBUG	Calling bootstrap method shutdown on aushelper@mozilla.org version 2.0
1539237809941	addons.xpi	DEBUG	Calling bootstrap method shutdown on activity-stream@mozilla.org version 2018.08.22.1219-93becf29
