1539153082803	geckodriver	INFO	geckodriver 0.19.1
1539153082812	geckodriver	INFO	Listening on 127.0.0.1:51777
1539153085918	mozrunner::runner	INFO	Running command: "C:\\Program Files\\Mozilla Firefox\\firefox.exe" "-marionette" "-profile" "C:\\Users\\Owner\\AppData\\Local\\Temp\\rust_mozprofile.4MQFGkz4bl7C"
1539153086120	addons.manager	DEBUG	Application has been upgraded
1539153086145	addons.manager	DEBUG	Loaded provider scope for resource://gre/modules/addons/XPIProvider.jsm: ["XPIProvider", "XPIInternal"]
1539153086148	addons.manager	DEBUG	Loaded provider scope for resource://gre/modules/LightweightThemeManager.jsm: ["LightweightThemeManager"]
1539153086165	addons.manager	DEBUG	Loaded provider scope for resource://gre/modules/addons/GMPProvider.jsm
1539153086166	addons.manager	DEBUG	Loaded provider scope for resource://gre/modules/addons/PluginProvider.jsm
1539153086167	addons.manager	DEBUG	Starting provider: XPIProvider
1539153086167	addons.xpi	DEBUG	startup
1539153086169	addons.xpi	INFO	SystemAddonLocation directory is missing
1539153086188	addons.xpi	INFO	Removing all system add-on upgrades.
1539153086188	addons.xpi	DEBUG	checkForChanges
1539153086189	addons.xpi	DEBUG	Loaded add-on state: ${}
1539153086189	addons.xpi	DEBUG	New add-on activity-stream@mozilla.org in app-system-defaults
1539153086190	addons.xpi	DEBUG	New add-on aushelper@mozilla.org in app-system-defaults
1539153086191	addons.xpi	DEBUG	New add-on firefox@getpocket.com in app-system-defaults
1539153086192	addons.xpi	DEBUG	New add-on formautofill@mozilla.org in app-system-defaults
1539153086192	addons.xpi	DEBUG	New add-on onboarding@mozilla.org in app-system-defaults
1539153086193	addons.xpi	DEBUG	New add-on screenshots@mozilla.org in app-system-defaults
1539153086193	addons.xpi	DEBUG	New add-on webcompat-reporter@mozilla.org in app-system-defaults
1539153086193	addons.xpi	DEBUG	New add-on webcompat@mozilla.org in app-system-defaults
1539153086194	addons.xpi	DEBUG	scanForChanges changed: true, state: {}
1539153086201	addons.xpi-utils	DEBUG	Error: Synchronously loading the add-ons database (resource://gre/modules/addons/XPIDatabase.jsm:1329:15) JS Stack trace: syncLoadDB@XPIDatabase.jsm:1329:15
checkForChanges@XPIProvider.jsm:2537:9
startup@XPIProvider.jsm:2120:25
callProvider@AddonManager.jsm:206:12
_startProvider@AddonManager.jsm:654:5
startup@AddonManager.jsm:813:9
startup@AddonManager.jsm:2811:5
observe@addonManager.js:66:9
1539153086201	addons.xpi-utils	DEBUG	Starting async load of XPI database C:\Users\Owner\AppData\Local\Temp\rust_mozprofile.4MQFGkz4bl7C\extensions.json
1539153086265	addons.xpi-utils	DEBUG	New add-on activity-stream@mozilla.org installed in app-system-defaults
*** Blocklist::_preloadBlocklistFile: blocklist is disabled
1539153086350	addons.xpi-utils	DEBUG	New add-on aushelper@mozilla.org installed in app-system-defaults
1539153086356	addons.xpi-utils	DEBUG	New add-on firefox@getpocket.com installed in app-system-defaults
1539153086362	addons.xpi-utils	DEBUG	New add-on formautofill@mozilla.org installed in app-system-defaults
1539153086369	addons.xpi-utils	DEBUG	New add-on onboarding@mozilla.org installed in app-system-defaults
1539153086376	addons.xpi-utils	DEBUG	New add-on screenshots@mozilla.org installed in app-system-defaults
1539153086382	addons.xpi-utils	DEBUG	New add-on webcompat-reporter@mozilla.org installed in app-system-defaults
1539153086389	addons.xpi-utils	DEBUG	New add-on webcompat@mozilla.org installed in app-system-defaults
1539153086421	addons.xpi-utils	DEBUG	XPI Database saved, setting schema version preference to 27
1539153086503	addons.manager	DEBUG	Registering startup change 'installed' for activity-stream@mozilla.org
1539153086508	addons.xpi	DEBUG	Loading bootstrap scope from C:\Program Files\Mozilla Firefox\browser\features\activity-stream@mozilla.org.xpi
1539153086512	addons.xpi	DEBUG	Calling bootstrap method install on activity-stream@mozilla.org version 2018.08.22.1219-93becf29
1539153086512	addons.xpi-utils	DEBUG	Make addon app-system-defaults:activity-stream@mozilla.org visible
1539153086512	addons.xpi	DEBUG	Updating XPIState for {"id":"activity-stream@mozilla.org","syncGUID":"{6890b647-bb9a-4a3e-900f-8a1a7798a683}","version":"2018.08.22.1219-93becf29","type":"extension","defaultLocale":{"name":"Activity Stream","description":"A rich visual history feed and a reimagined home page make it easier than ever to find exactly what you're looking for in Firefox."},"visible":true,"active":false,"userDisabled":false,"appDisabled":false,"installDate":1538903301139,"updateDate":1538903301139,"applyBackgroundUpdates":1,"path":"C:\\Program Files\\Mozilla Firefox\\browser\\features\\activity-stream@mozilla.org.xpi","skinnable":false,"sourceURI":null,"releaseNotesURI":null,"softDisabled":false,"foreignInstall":false,"strictCompatibility":false,"locales":[],"targetApplications":[{"id":"{ec8030f7-c20a-464f-9b0e-13a3a9e97384}","minVersion":"62.0.3","maxVersion":"62.*"}],"targetPlatforms":[],"seen":true,"dependencies":[],"hasEmbeddedWebExtension":false,"userPermissions":null,"icons":{},"blocklistState":0,"blocklistURL":null,"startupData":null,"location":"app-system-defaults"}
1539153086513	addons.manager	DEBUG	Registering startup change 'installed' for aushelper@mozilla.org
1539153086513	addons.xpi	DEBUG	Loading bootstrap scope from C:\Program Files\Mozilla Firefox\browser\features\aushelper@mozilla.org.xpi
1539153086517	addons.xpi	DEBUG	Calling bootstrap method install on aushelper@mozilla.org version 2.0
1539153086517	addons.xpi-utils	DEBUG	Make addon app-system-defaults:aushelper@mozilla.org visible
1539153086517	addons.xpi	DEBUG	Updating XPIState for {"id":"aushelper@mozilla.org","syncGUID":"{849d32e1-2bae-4991-b7c3-048c086ba77b}","version":"2.0","type":"extension","defaultLocale":{"name":"Application Update Service Helper","description":"Sets value(s) in the update url based on custom checks."},"visible":true,"active":false,"userDisabled":false,"appDisabled":false,"installDate":1538903299951,"updateDate":1538903299951,"applyBackgroundUpdates":1,"path":"C:\\Program Files\\Mozilla Firefox\\browser\\features\\aushelper@mozilla.org.xpi","skinnable":false,"sourceURI":null,"releaseNotesURI":null,"softDisabled":false,"foreignInstall":false,"strictCompatibility":false,"locales":[],"targetApplications":[{"id":"{ec8030f7-c20a-464f-9b0e-13a3a9e97384}","minVersion":"62.0.3","maxVersion":"62.*"}],"targetPlatforms":[],"seen":true,"dependencies":[],"hasEmbeddedWebExtension":false,"userPermissions":null,"icons":{},"blocklistState":0,"blocklistURL":null,"startupData":null,"location":"app-system-defaults"}
1539153086518	addons.manager	DEBUG	Registering startup change 'installed' for firefox@getpocket.com
1539153086518	addons.xpi	DEBUG	Loading bootstrap scope from C:\Program Files\Mozilla Firefox\browser\features\firefox@getpocket.com.xpi
1539153086524	addons.xpi	DEBUG	Calling bootstrap method install on firefox@getpocket.com version 1.0.5
1539153086524	addons.xpi-utils	DEBUG	Make addon app-system-defaults:firefox@getpocket.com visible
1539153086524	addons.xpi	DEBUG	Updating XPIState for {"id":"firefox@getpocket.com","syncGUID":"{64623e0d-2d5e-461b-a0bc-5db741e114b3}","version":"1.0.5","type":"extension","defaultLocale":{"name":"Pocket","description":"When you find something you want to view later, put it in Pocket."},"visible":true,"active":false,"userDisabled":false,"appDisabled":false,"installDate":1538903299916,"updateDate":1538903299916,"applyBackgroundUpdates":1,"path":"C:\\Program Files\\Mozilla Firefox\\browser\\features\\firefox@getpocket.com.xpi","skinnable":false,"sourceURI":null,"releaseNotesURI":null,"softDisabled":false,"foreignInstall":false,"strictCompatibility":false,"locales":[],"targetApplications":[{"id":"{ec8030f7-c20a-464f-9b0e-13a3a9e97384}","minVersion":"62.0.3","maxVersion":"62.*"}],"targetPlatforms":[],"seen":true,"dependencies":[],"hasEmbeddedWebExtension":false,"userPermissions":null,"icons":{},"blocklistState":0,"blocklistURL":null,"startupData":null,"location":"app-system-defaults"}
1539153086524	addons.manager	DEBUG	Registering startup change 'installed' for formautofill@mozilla.org
1539153086525	addons.xpi	DEBUG	Loading bootstrap scope from C:\Program Files\Mozilla Firefox\browser\features\formautofill@mozilla.org.xpi
1539153086528	addons.xpi	DEBUG	Calling bootstrap method install on formautofill@mozilla.org version 1.0
1539153086528	addons.xpi-utils	DEBUG	Make addon app-system-defaults:formautofill@mozilla.org visible
1539153086528	addons.xpi	DEBUG	Updating XPIState for {"id":"formautofill@mozilla.org","syncGUID":"{a288b294-9b22-4521-a1af-255cca56bc25}","version":"1.0","type":"extension","defaultLocale":{"name":"Form Autofill","description":"Autofill forms with saved profiles"},"visible":true,"active":false,"userDisabled":false,"appDisabled":false,"installDate":1538903299802,"updateDate":1538903299802,"applyBackgroundUpdates":1,"path":"C:\\Program Files\\Mozilla Firefox\\browser\\features\\formautofill@mozilla.org.xpi","skinnable":false,"sourceURI":null,"releaseNotesURI":null,"softDisabled":false,"foreignInstall":false,"strictCompatibility":false,"locales":[],"targetApplications":[{"id":"{ec8030f7-c20a-464f-9b0e-13a3a9e97384}","minVersion":"62.0.3","maxVersion":"62.*"}],"targetPlatforms":[],"seen":true,"dependencies":[],"hasEmbeddedWebExtension":false,"userPermissions":null,"icons":{},"blocklistState":0,"blocklistURL":null,"startupData":null,"location":"app-system-defaults"}
1539153086528	addons.manager	DEBUG	Registering startup change 'installed' for onboarding@mozilla.org
1539153086528	addons.xpi	DEBUG	Loading bootstrap scope from C:\Program Files\Mozilla Firefox\browser\features\onboarding@mozilla.org.xpi
1539153086531	addons.xpi	DEBUG	Calling bootstrap method install on onboarding@mozilla.org version 1.0
1539153086532	addons.xpi-utils	DEBUG	Make addon app-system-defaults:onboarding@mozilla.org visible
1539153086532	addons.xpi	DEBUG	Updating XPIState for {"id":"onboarding@mozilla.org","syncGUID":"{6c2d02be-ab06-45ca-b891-860b93c8b195}","version":"1.0","type":"extension","defaultLocale":{"name":"Photon onboarding","description":"Photon onboarding"},"visible":true,"active":false,"userDisabled":false,"appDisabled":false,"installDate":1538903299652,"updateDate":1538903299652,"applyBackgroundUpdates":1,"path":"C:\\Program Files\\Mozilla Firefox\\browser\\features\\onboarding@mozilla.org.xpi","skinnable":false,"sourceURI":null,"releaseNotesURI":null,"softDisabled":false,"foreignInstall":false,"strictCompatibility":false,"locales":[],"targetApplications":[{"id":"{ec8030f7-c20a-464f-9b0e-13a3a9e97384}","minVersion":"62.0.3","maxVersion":"62.*"}],"targetPlatforms":[],"seen":true,"dependencies":[],"hasEmbeddedWebExtension":false,"userPermissions":null,"icons":{},"blocklistState":0,"blocklistURL":null,"startupData":null,"location":"app-system-defaults"}
1539153086532	addons.manager	DEBUG	Registering startup change 'installed' for screenshots@mozilla.org
1539153086532	addons.xpi	DEBUG	Loading bootstrap scope from C:\Program Files\Mozilla Firefox\browser\features\screenshots@mozilla.org.xpi
1539153086536	addons.xpi	DEBUG	Calling bootstrap method install on screenshots@mozilla.org version 33.0.0
1539153086536	addons.xpi-utils	DEBUG	Make addon app-system-defaults:screenshots@mozilla.org visible
1539153086536	addons.xpi	DEBUG	Updating XPIState for {"id":"screenshots@mozilla.org","syncGUID":"{83283ce1-5ccd-4607-a0dd-cea7e7fdaa3c}","version":"33.0.0","type":"extension","defaultLocale":{"name":"Firefox Screenshots","homepageURL":"https://screenshots.firefox.com/"},"visible":true,"active":false,"userDisabled":false,"appDisabled":false,"installDate":1536493180451,"updateDate":1536493180451,"applyBackgroundUpdates":1,"path":"C:\\Program Files\\Mozilla Firefox\\browser\\features\\screenshots@mozilla.org.xpi","skinnable":false,"sourceURI":null,"releaseNotesURI":null,"softDisabled":false,"foreignInstall":false,"strictCompatibility":false,"locales":[],"targetApplications":[{"id":"{ec8030f7-c20a-464f-9b0e-13a3a9e97384}","minVersion":"57.0a1","maxVersion":"*"}],"targetPlatforms":[],"seen":true,"dependencies":[],"hasEmbeddedWebExtension":false,"userPermissions":null,"icons":{},"blocklistState":0,"blocklistURL":null,"startupData":null,"location":"app-system-defaults"}
1539153086537	addons.manager	DEBUG	Registering startup change 'installed' for webcompat-reporter@mozilla.org
1539153086537	addons.xpi	DEBUG	Loading bootstrap scope from C:\Program Files\Mozilla Firefox\browser\features\webcompat-reporter@mozilla.org.xpi
1539153086539	addons.xpi	DEBUG	Calling bootstrap method install on webcompat-reporter@mozilla.org version 1.0.0
1539153086539	addons.xpi-utils	DEBUG	Make addon app-system-defaults:webcompat-reporter@mozilla.org visible
1539153086540	addons.xpi	DEBUG	Updating XPIState for {"id":"webcompat-reporter@mozilla.org","syncGUID":"{a7c7590d-fa67-48fd-a991-736cf362deea}","version":"1.0.0","type":"extension","defaultLocale":{"name":"WebCompat Reporter","description":"Report site compatibility issues on webcompat.com."},"visible":true,"active":false,"userDisabled":false,"appDisabled":false,"installDate":1538903299590,"updateDate":1538903299590,"applyBackgroundUpdates":1,"path":"C:\\Program Files\\Mozilla Firefox\\browser\\features\\webcompat-reporter@mozilla.org.xpi","skinnable":false,"sourceURI":null,"releaseNotesURI":null,"softDisabled":false,"foreignInstall":false,"strictCompatibility":false,"locales":[],"targetApplications":[{"id":"{ec8030f7-c20a-464f-9b0e-13a3a9e97384}","minVersion":"62.0.3","maxVersion":"62.*"}],"targetPlatforms":[],"seen":true,"dependencies":[],"hasEmbeddedWebExtension":false,"userPermissions":null,"icons":{},"blocklistState":0,"blocklistURL":null,"startupData":null,"location":"app-system-defaults"}
1539153086540	addons.manager	DEBUG	Registering startup change 'installed' for webcompat@mozilla.org
1539153086540	addons.xpi	DEBUG	Loading bootstrap scope from C:\Program Files\Mozilla Firefox\browser\features\webcompat@mozilla.org.xpi
1539153086543	addons.xpi	DEBUG	Calling bootstrap method install on webcompat@mozilla.org version 2.0
1539153086543	addons.xpi-utils	DEBUG	Make addon app-system-defaults:webcompat@mozilla.org visible
1539153086543	addons.xpi	DEBUG	Updating XPIState for {"id":"webcompat@mozilla.org","syncGUID":"{641c1e6c-8315-4e52-ba24-c84bdf812225}","version":"2.0","type":"extension","defaultLocale":{"name":"Web Compat","description":"Urgent post-release fixes for web compatibility."},"visible":true,"active":false,"userDisabled":false,"appDisabled":false,"installDate":1538903299555,"updateDate":1538903299555,"applyBackgroundUpdates":1,"path":"C:\\Program Files\\Mozilla Firefox\\browser\\features\\webcompat@mozilla.org.xpi","skinnable":false,"sourceURI":null,"releaseNotesURI":null,"softDisabled":false,"foreignInstall":false,"strictCompatibility":false,"locales":[],"targetApplications":[{"id":"{ec8030f7-c20a-464f-9b0e-13a3a9e97384}","minVersion":"62.0.3","maxVersion":"62.*"},{"id":"{aa3c5121-dab2-40e2-81ca-7ea25febc110}","minVersion":"62.0.3","maxVersion":"62.*"}],"targetPlatforms":[],"seen":true,"dependencies":[],"hasEmbeddedWebExtension":true,"userPermissions":null,"icons":{},"blocklistState":0,"blocklistURL":null,"startupData":null,"location":"app-system-defaults"}
1539153086544	addons.xpi	DEBUG	Updating XPIState for {"id":"activity-stream@mozilla.org","syncGUID":"{6890b647-bb9a-4a3e-900f-8a1a7798a683}","version":"2018.08.22.1219-93becf29","type":"extension","defaultLocale":{"name":"Activity Stream","description":"A rich visual history feed and a reimagined home page make it easier than ever to find exactly what you're looking for in Firefox."},"visible":true,"active":true,"userDisabled":false,"appDisabled":false,"installDate":1538903301139,"updateDate":1538903301139,"applyBackgroundUpdates":1,"path":"C:\\Program Files\\Mozilla Firefox\\browser\\features\\activity-stream@mozilla.org.xpi","skinnable":false,"sourceURI":null,"releaseNotesURI":null,"softDisabled":false,"foreignInstall":false,"strictCompatibility":false,"locales":[],"targetApplications":[{"id":"{ec8030f7-c20a-464f-9b0e-13a3a9e97384}","minVersion":"62.0.3","maxVersion":"62.*"}],"targetPlatforms":[],"seen":true,"dependencies":[],"hasEmbeddedWebExtension":false,"userPermissions":null,"icons":{},"blocklistState":0,"blocklistURL":null,"startupData":null,"location":"app-system-defaults"}
1539153086544	addons.xpi	DEBUG	Updating XPIState for {"id":"aushelper@mozilla.org","syncGUID":"{849d32e1-2bae-4991-b7c3-048c086ba77b}","version":"2.0","type":"extension","defaultLocale":{"name":"Application Update Service Helper","description":"Sets value(s) in the update url based on custom checks."},"visible":true,"active":true,"userDisabled":false,"appDisabled":false,"installDate":1538903299951,"updateDate":1538903299951,"applyBackgroundUpdates":1,"path":"C:\\Program Files\\Mozilla Firefox\\browser\\features\\aushelper@mozilla.org.xpi","skinnable":false,"sourceURI":null,"releaseNotesURI":null,"softDisabled":false,"foreignInstall":false,"strictCompatibility":false,"locales":[],"targetApplications":[{"id":"{ec8030f7-c20a-464f-9b0e-13a3a9e97384}","minVersion":"62.0.3","maxVersion":"62.*"}],"targetPlatforms":[],"seen":true,"dependencies":[],"hasEmbeddedWebExtension":false,"userPermissions":null,"icons":{},"blocklistState":0,"blocklistURL":null,"startupData":null,"location":"app-system-defaults"}
1539153086544	addons.xpi	DEBUG	Updating XPIState for {"id":"firefox@getpocket.com","syncGUID":"{64623e0d-2d5e-461b-a0bc-5db741e114b3}","version":"1.0.5","type":"extension","defaultLocale":{"name":"Pocket","description":"When you find something you want to view later, put it in Pocket."},"visible":true,"active":true,"userDisabled":false,"appDisabled":false,"installDate":1538903299916,"updateDate":1538903299916,"applyBackgroundUpdates":1,"path":"C:\\Program Files\\Mozilla Firefox\\browser\\features\\firefox@getpocket.com.xpi","skinnable":false,"sourceURI":null,"releaseNotesURI":null,"softDisabled":false,"foreignInstall":false,"strictCompatibility":false,"locales":[],"targetApplications":[{"id":"{ec8030f7-c20a-464f-9b0e-13a3a9e97384}","minVersion":"62.0.3","maxVersion":"62.*"}],"targetPlatforms":[],"seen":true,"dependencies":[],"hasEmbeddedWebExtension":false,"userPermissions":null,"icons":{},"blocklistState":0,"blocklistURL":null,"startupData":null,"location":"app-system-defaults"}
1539153086544	addons.xpi	DEBUG	Updating XPIState for {"id":"formautofill@mozilla.org","syncGUID":"{a288b294-9b22-4521-a1af-255cca56bc25}","version":"1.0","type":"extension","defaultLocale":{"name":"Form Autofill","description":"Autofill forms with saved profiles"},"visible":true,"active":true,"userDisabled":false,"appDisabled":false,"installDate":1538903299802,"updateDate":1538903299802,"applyBackgroundUpdates":1,"path":"C:\\Program Files\\Mozilla Firefox\\browser\\features\\formautofill@mozilla.org.xpi","skinnable":false,"sourceURI":null,"releaseNotesURI":null,"softDisabled":false,"foreignInstall":false,"strictCompatibility":false,"locales":[],"targetApplications":[{"id":"{ec8030f7-c20a-464f-9b0e-13a3a9e97384}","minVersion":"62.0.3","maxVersion":"62.*"}],"targetPlatforms":[],"seen":true,"dependencies":[],"hasEmbeddedWebExtension":false,"userPermissions":null,"icons":{},"blocklistState":0,"blocklistURL":null,"startupData":null,"location":"app-system-defaults"}
1539153086544	addons.xpi	DEBUG	Updating XPIState for {"id":"onboarding@mozilla.org","syncGUID":"{6c2d02be-ab06-45ca-b891-860b93c8b195}","version":"1.0","type":"extension","defaultLocale":{"name":"Photon onboarding","description":"Photon onboarding"},"visible":true,"active":true,"userDisabled":false,"appDisabled":false,"installDate":1538903299652,"updateDate":1538903299652,"applyBackgroundUpdates":1,"path":"C:\\Program Files\\Mozilla Firefox\\browser\\features\\onboarding@mozilla.org.xpi","skinnable":false,"sourceURI":null,"releaseNotesURI":null,"softDisabled":false,"foreignInstall":false,"strictCompatibility":false,"locales":[],"targetApplications":[{"id":"{ec8030f7-c20a-464f-9b0e-13a3a9e97384}","minVersion":"62.0.3","maxVersion":"62.*"}],"targetPlatforms":[],"seen":true,"dependencies":[],"hasEmbeddedWebExtension":false,"userPermissions":null,"icons":{},"blocklistState":0,"blocklistURL":null,"startupData":null,"location":"app-system-defaults"}
1539153086544	addons.xpi	DEBUG	Updating XPIState for {"id":"screenshots@mozilla.org","syncGUID":"{83283ce1-5ccd-4607-a0dd-cea7e7fdaa3c}","version":"33.0.0","type":"extension","defaultLocale":{"name":"Firefox Screenshots","homepageURL":"https://screenshots.firefox.com/"},"visible":true,"active":true,"userDisabled":false,"appDisabled":false,"installDate":1536493180451,"updateDate":1536493180451,"applyBackgroundUpdates":1,"path":"C:\\Program Files\\Mozilla Firefox\\browser\\features\\screenshots@mozilla.org.xpi","skinnable":false,"sourceURI":null,"releaseNotesURI":null,"softDisabled":false,"foreignInstall":false,"strictCompatibility":false,"locales":[],"targetApplications":[{"id":"{ec8030f7-c20a-464f-9b0e-13a3a9e97384}","minVersion":"57.0a1","maxVersion":"*"}],"targetPlatforms":[],"seen":true,"dependencies":[],"hasEmbeddedWebExtension":false,"userPermissions":null,"icons":{},"blocklistState":0,"blocklistURL":null,"startupData":null,"location":"app-system-defaults"}
1539153086544	addons.xpi	DEBUG	Updating XPIState for {"id":"webcompat-reporter@mozilla.org","syncGUID":"{a7c7590d-fa67-48fd-a991-736cf362deea}","version":"1.0.0","type":"extension","defaultLocale":{"name":"WebCompat Reporter","description":"Report site compatibility issues on webcompat.com."},"visible":true,"active":true,"userDisabled":false,"appDisabled":false,"installDate":1538903299590,"updateDate":1538903299590,"applyBackgroundUpdates":1,"path":"C:\\Program Files\\Mozilla Firefox\\browser\\features\\webcompat-reporter@mozilla.org.xpi","skinnable":false,"sourceURI":null,"releaseNotesURI":null,"softDisabled":false,"foreignInstall":false,"strictCompatibility":false,"locales":[],"targetApplications":[{"id":"{ec8030f7-c20a-464f-9b0e-13a3a9e97384}","minVersion":"62.0.3","maxVersion":"62.*"}],"targetPlatforms":[],"seen":true,"dependencies":[],"hasEmbeddedWebExtension":false,"userPermissions":null,"icons":{},"blocklistState":0,"blocklistURL":null,"startupData":null,"location":"app-system-defaults"}
1539153086544	addons.xpi	DEBUG	Updating XPIState for {"id":"webcompat@mozilla.org","syncGUID":"{641c1e6c-8315-4e52-ba24-c84bdf812225}","version":"2.0","type":"extension","defaultLocale":{"name":"Web Compat","description":"Urgent post-release fixes for web compatibility."},"visible":true,"active":true,"userDisabled":false,"appDisabled":false,"installDate":1538903299555,"updateDate":1538903299555,"applyBackgroundUpdates":1,"path":"C:\\Program Files\\Mozilla Firefox\\browser\\features\\webcompat@mozilla.org.xpi","skinnable":false,"sourceURI":null,"releaseNotesURI":null,"softDisabled":false,"foreignInstall":false,"strictCompatibility":false,"locales":[],"targetApplications":[{"id":"{ec8030f7-c20a-464f-9b0e-13a3a9e97384}","minVersion":"62.0.3","maxVersion":"62.*"},{"id":"{aa3c5121-dab2-40e2-81ca-7ea25febc110}","minVersion":"62.0.3","maxVersion":"62.*"}],"targetPlatforms":[],"seen":true,"dependencies":[],"hasEmbeddedWebExtension":true,"userPermissions":null,"icons":{},"blocklistState":0,"blocklistURL":null,"startupData":null,"location":"app-system-defaults"}
1539153086545	addons.xpi-utils	DEBUG	Updating add-on states
1539153086548	addons.xpi	DEBUG	Registering manifest for C:\Program Files\Mozilla Firefox\browser\features\activity-stream@mozilla.org.xpi
1539153086550	addons.xpi	DEBUG	Calling bootstrap method startup on activity-stream@mozilla.org version 2018.08.22.1219-93becf29
1539153086550	addons.xpi	DEBUG	Registering manifest for C:\Program Files\Mozilla Firefox\browser\features\aushelper@mozilla.org.xpi
1539153086552	addons.xpi	DEBUG	Calling bootstrap method startup on aushelper@mozilla.org version 2.0
1539153086553	addons.xpi	DEBUG	Registering manifest for C:\Program Files\Mozilla Firefox\browser\features\firefox@getpocket.com.xpi
1539153086554	addons.xpi	DEBUG	Calling bootstrap method startup on firefox@getpocket.com version 1.0.5
1539153086559	addons.xpi	DEBUG	Registering manifest for C:\Program Files\Mozilla Firefox\browser\features\formautofill@mozilla.org.xpi
1539153086561	addons.xpi	DEBUG	Calling bootstrap method startup on formautofill@mozilla.org version 1.0
1539153086562	addons.xpi	DEBUG	Registering manifest for C:\Program Files\Mozilla Firefox\browser\features\onboarding@mozilla.org.xpi
1539153086563	addons.xpi	DEBUG	Calling bootstrap method startup on onboarding@mozilla.org version 1.0
1539153086564	addons.xpi	DEBUG	Registering manifest for C:\Program Files\Mozilla Firefox\browser\features\screenshots@mozilla.org.xpi
1539153086565	addons.xpi	DEBUG	Calling bootstrap method startup on screenshots@mozilla.org version 33.0.0
1539153086565	addons.xpi	DEBUG	Registering manifest for C:\Program Files\Mozilla Firefox\browser\features\webcompat-reporter@mozilla.org.xpi
1539153086567	addons.xpi	DEBUG	Calling bootstrap method startup on webcompat-reporter@mozilla.org version 1.0.0
1539153086567	addons.xpi	DEBUG	Registering manifest for C:\Program Files\Mozilla Firefox\browser\features\webcompat@mozilla.org.xpi
1539153086570	addons.xpi	DEBUG	Calling bootstrap method startup on webcompat@mozilla.org version 2.0
1539153086572	addons.manager	DEBUG	Registering shutdown blocker for XPIProvider
1539153086572	addons.manager	DEBUG	Provider finished startup: XPIProvider
1539153086572	addons.manager	DEBUG	Starting provider: LightweightThemeManager
1539153086572	addons.manager	DEBUG	Registering shutdown blocker for LightweightThemeManager
1539153086572	addons.manager	DEBUG	Provider finished startup: LightweightThemeManager
1539153086572	addons.manager	DEBUG	Starting provider: GMPProvider
1539153086577	addons.manager	DEBUG	Registering shutdown blocker for GMPProvider
1539153086577	addons.manager	DEBUG	Provider finished startup: GMPProvider
1539153086577	addons.manager	DEBUG	Starting provider: PluginProvider
1539153086577	addons.manager	DEBUG	Registering shutdown blocker for PluginProvider
1539153086577	addons.manager	DEBUG	Provider finished startup: PluginProvider
1539153086579	addons.manager	DEBUG	Completed startup sequence
1539153088223	addons.xpi	DEBUG	Existing add-on activity-stream@mozilla.org in app-system-defaults
1539153088223	addons.xpi	DEBUG	Existing add-on aushelper@mozilla.org in app-system-defaults
1539153088223	addons.xpi	DEBUG	Existing add-on firefox@getpocket.com in app-system-defaults
1539153088224	addons.xpi	DEBUG	Existing add-on formautofill@mozilla.org in app-system-defaults
1539153088224	addons.xpi	DEBUG	Existing add-on onboarding@mozilla.org in app-system-defaults
1539153088224	addons.xpi	DEBUG	Existing add-on screenshots@mozilla.org in app-system-defaults
1539153088225	addons.xpi	DEBUG	Existing add-on webcompat-reporter@mozilla.org in app-system-defaults
1539153088225	addons.xpi	DEBUG	Existing add-on webcompat@mozilla.org in app-system-defaults
1539153088226	addons.xpi	DEBUG	scanForChanges changed: false, state: {}
1539153088475	Marionette	INFO	Listening on port 51789
1539153089037	Marionette	WARN	TLS certificate errors will be ignored for this session
1539153089083	Marionette	DEBUG	[6442450945] Frame script loaded
1539153089085	Marionette	DEBUG	[6442450945] Frame script registered
1539153089119	Marionette	DEBUG	[6442450945] Received DOM event beforeunload for about:blank
1539153089122	Marionette	DEBUG	[6442450945] Received DOM event pagehide for about:blank
1539153089127	Marionette	DEBUG	[6442450945] Received DOM event DOMContentLoaded for about:blank
1539153089141	Marionette	DEBUG	[6442450945] Received DOM event pageshow for about:blank
1539153092674	Marionette	DEBUG	[6442450945] Received DOM event beforeunload for about:blank
1539153092981	Marionette	DEBUG	[6442450945] Received DOM event pagehide for about:blank
1539153095049	Marionette	DEBUG	[6442450945] Received DOM event DOMContentLoaded for https://clockify.me/login
1539153095881	Marionette	DEBUG	[6442450945] Received DOM event pageshow for https://clockify.me/login
1539153096329	Marionette	DEBUG	[6442450945] Canceled page load listener because no navigation has been detected
1539153096984	Marionette	DEBUG	[6442450945] Canceled page load listener because no navigation has been detected
1539153097084	Marionette	INFO	Stopped listening on port 51789
1539153097155	addons.xpi	DEBUG	Calling bootstrap method shutdown on webcompat@mozilla.org version 2.0
1539153097156	addons.xpi	DEBUG	Calling bootstrap method shutdown on webcompat-reporter@mozilla.org version 1.0.0
1539153097157	addons.xpi	DEBUG	Calling bootstrap method shutdown on screenshots@mozilla.org version 33.0.0
1539153097171	addons.xpi	DEBUG	Calling bootstrap method shutdown on onboarding@mozilla.org version 1.0
1539153097172	addons.xpi	DEBUG	Calling bootstrap method shutdown on formautofill@mozilla.org version 1.0
1539153097174	addons.xpi	DEBUG	Calling bootstrap method shutdown on firefox@getpocket.com version 1.0.5
1539153097174	addons.xpi	DEBUG	Calling bootstrap method shutdown on aushelper@mozilla.org version 2.0
1539153097175	addons.xpi	DEBUG	Calling bootstrap method shutdown on activity-stream@mozilla.org version 2018.08.22.1219-93becf29
ons.xpi	DEBUG	Calling bootstrap method shutdown on activity-stream@mozilla.org version 2018.08.22.1219-93becf29

1539153045413	addons.xpi	DEBUG	Calling bootstrap method shutdown on firefox@getpocket.com version 1.0.5
1539153045414	addons.xpi	DEBUG	Calling bootstrap method shutdown on aushelper@mozilla.org version 2.0
1539153045414	addons.xpi	DEBUG	Calling bootstrap method shutdown on activity-stream@mozilla.org version 2018.08.22.1219-93becf29

1539153014237	addons.xpi	DEBUG	Calling bootstrap method shutdown on firefox@getpocket.com version 1.0.5
1539153014238	addons.xpi	DEBUG	Calling bootstrap method shutdown on aushelper@mozilla.org version 2.0
1539153014238	addons.xpi	DEBUG	Calling bootstrap method shutdown on activity-stream@mozilla.org version 2018.08.22.1219-93becf29
aded for https://clockify.me/projects
1539152976300	Marionette	DEBUG	[6442450945] Received DOM event pageshow for https://clockify.me/projects
1539152976378	Marionette	INFO	Stopped listening on port 50863
1539152976435	addons.xpi	DEBUG	Calling bootstrap method shutdown on webcompat@mozilla.org version 2.0
1539152976436	addons.xpi	DEBUG	Calling bootstrap method shutdown on webcompat-reporter@mozilla.org version 1.0.0
1539152976437	addons.xpi	DEBUG	Calling bootstrap method shutdown on screenshots@mozilla.org version 33.0.0
1539152976442	addons.xpi	DEBUG	Calling bootstrap method shutdown on onboarding@mozilla.org version 1.0
1539152976443	addons.xpi	DEBUG	Calling bootstrap method shutdown on formautofill@mozilla.org version 1.0
1539152976445	addons.xpi	DEBUG	Calling bootstrap method shutdown on firefox@getpocket.com version 1.0.5
1539152976445	addons.xpi	DEBUG	Calling bootstrap method shutdown on aushelper@mozilla.org version 2.0
1539152976446	addons.xpi	DEBUG	Calling bootstrap method shutdown on activity-stream@mozilla.org version 2018.08.22.1219-93becf29
