1540123973518	geckodriver	INFO	geckodriver 0.19.1
1540123973535	geckodriver	INFO	Listening on 127.0.0.1:54071
1540123976660	mozrunner::runner	INFO	Running command: "C:\\Program Files\\Mozilla Firefox\\firefox.exe" "-marionette" "-profile" "C:\\Users\\Owner\\AppData\\Local\\Temp\\rust_mozprofile.ktuZwxzrsiml"
1540123977774	addons.manager	DEBUG	Application has been upgraded
1540123977812	addons.manager	DEBUG	Loaded provider scope for resource://gre/modules/addons/XPIProvider.jsm: ["XPIProvider", "XPIInternal"]
1540123977817	addons.manager	DEBUG	Loaded provider scope for resource://gre/modules/LightweightThemeManager.jsm: ["LightweightThemeManager"]
1540123977856	addons.manager	DEBUG	Loaded provider scope for resource://gre/modules/addons/GMPProvider.jsm
1540123977860	addons.manager	DEBUG	Loaded provider scope for resource://gre/modules/addons/PluginProvider.jsm
1540123977860	addons.manager	DEBUG	Starting provider: XPIProvider
1540123977861	addons.xpi	DEBUG	startup
1540123977863	addons.xpi	INFO	SystemAddonLocation directory is missing
1540123977878	addons.xpi	INFO	Removing all system add-on upgrades.
1540123977879	addons.xpi	DEBUG	checkForChanges
1540123977879	addons.xpi	DEBUG	Loaded add-on state: ${}
1540123977881	addons.xpi	DEBUG	New add-on activity-stream@mozilla.org in app-system-defaults
1540123977882	addons.xpi	DEBUG	New add-on aushelper@mozilla.org in app-system-defaults
1540123977883	addons.xpi	DEBUG	New add-on firefox@getpocket.com in app-system-defaults
1540123977884	addons.xpi	DEBUG	New add-on formautofill@mozilla.org in app-system-defaults
1540123977885	addons.xpi	DEBUG	New add-on onboarding@mozilla.org in app-system-defaults
1540123977886	addons.xpi	DEBUG	New add-on screenshots@mozilla.org in app-system-defaults
1540123977886	addons.xpi	DEBUG	New add-on webcompat-reporter@mozilla.org in app-system-defaults
1540123977887	addons.xpi	DEBUG	New add-on webcompat@mozilla.org in app-system-defaults
1540123977888	addons.xpi	DEBUG	scanForChanges changed: true, state: {}
1540123977899	addons.xpi-utils	DEBUG	Error: Synchronously loading the add-ons database (resource://gre/modules/addons/XPIDatabase.jsm:1329:15) JS Stack trace: syncLoadDB@XPIDatabase.jsm:1329:15
checkForChanges@XPIProvider.jsm:2537:9
startup@XPIProvider.jsm:2120:25
callProvider@AddonManager.jsm:206:12
_startProvider@AddonManager.jsm:654:5
startup@AddonManager.jsm:813:9
startup@AddonManager.jsm:2811:5
observe@addonManager.js:66:9
1540123977900	addons.xpi-utils	DEBUG	Starting async load of XPI database C:\Users\Owner\AppData\Local\Temp\rust_mozprofile.ktuZwxzrsiml\extensions.json
1540123977950	addons.xpi-utils	DEBUG	New add-on activity-stream@mozilla.org installed in app-system-defaults
*** Blocklist::_preloadBlocklistFile: blocklist is disabled
1540123978032	addons.xpi-utils	DEBUG	New add-on aushelper@mozilla.org installed in app-system-defaults
1540123978042	addons.xpi-utils	DEBUG	New add-on firefox@getpocket.com installed in app-system-defaults
1540123978052	addons.xpi-utils	DEBUG	New add-on formautofill@mozilla.org installed in app-system-defaults
1540123978064	addons.xpi-utils	DEBUG	New add-on onboarding@mozilla.org installed in app-system-defaults
1540123978074	addons.xpi-utils	DEBUG	New add-on screenshots@mozilla.org installed in app-system-defaults
1540123978078	addons.xpi-utils	DEBUG	XPI Database saved, setting schema version preference to 27
1540123978083	addons.xpi-utils	DEBUG	New add-on webcompat-reporter@mozilla.org installed in app-system-defaults
1540123978092	addons.xpi-utils	DEBUG	New add-on webcompat@mozilla.org installed in app-system-defaults
1540123978285	addons.manager	DEBUG	Registering startup change 'installed' for activity-stream@mozilla.org
1540123978294	addons.xpi	DEBUG	Loading bootstrap scope from C:\Program Files\Mozilla Firefox\browser\features\activity-stream@mozilla.org.xpi
1540123978300	addons.xpi	DEBUG	Calling bootstrap method install on activity-stream@mozilla.org version 2018.08.22.1219-93becf29
1540123978300	addons.xpi-utils	DEBUG	Make addon app-system-defaults:activity-stream@mozilla.org visible
1540123978301	addons.xpi	DEBUG	Updating XPIState for {"id":"activity-stream@mozilla.org","syncGUID":"{17003dac-7c3e-4cf3-96d8-f7119abb3bb2}","version":"2018.08.22.1219-93becf29","type":"extension","defaultLocale":{"name":"Activity Stream","description":"A rich visual history feed and a reimagined home page make it easier than ever to find exactly what you're looking for in Firefox."},"visible":true,"active":false,"userDisabled":false,"appDisabled":false,"installDate":1538903301139,"updateDate":1538903301139,"applyBackgroundUpdates":1,"path":"C:\\Program Files\\Mozilla Firefox\\browser\\features\\activity-stream@mozilla.org.xpi","skinnable":false,"sourceURI":null,"releaseNotesURI":null,"softDisabled":false,"foreignInstall":false,"strictCompatibility":false,"locales":[],"targetApplications":[{"id":"{ec8030f7-c20a-464f-9b0e-13a3a9e97384}","minVersion":"62.0.3","maxVersion":"62.*"}],"targetPlatforms":[],"seen":true,"dependencies":[],"hasEmbeddedWebExtension":false,"userPermissions":null,"icons":{},"blocklistState":0,"blocklistURL":null,"startupData":null,"location":"app-system-defaults"}
1540123978301	addons.manager	DEBUG	Registering startup change 'installed' for aushelper@mozilla.org
1540123978302	addons.xpi	DEBUG	Loading bootstrap scope from C:\Program Files\Mozilla Firefox\browser\features\aushelper@mozilla.org.xpi
1540123978307	addons.xpi	DEBUG	Calling bootstrap method install on aushelper@mozilla.org version 2.0
1540123978308	addons.xpi-utils	DEBUG	Make addon app-system-defaults:aushelper@mozilla.org visible
1540123978308	addons.xpi	DEBUG	Updating XPIState for {"id":"aushelper@mozilla.org","syncGUID":"{811630b9-8e27-47e8-9450-2f15dcab7e65}","version":"2.0","type":"extension","defaultLocale":{"name":"Application Update Service Helper","description":"Sets value(s) in the update url based on custom checks."},"visible":true,"active":false,"userDisabled":false,"appDisabled":false,"installDate":1538903299951,"updateDate":1538903299951,"applyBackgroundUpdates":1,"path":"C:\\Program Files\\Mozilla Firefox\\browser\\features\\aushelper@mozilla.org.xpi","skinnable":false,"sourceURI":null,"releaseNotesURI":null,"softDisabled":false,"foreignInstall":false,"strictCompatibility":false,"locales":[],"targetApplications":[{"id":"{ec8030f7-c20a-464f-9b0e-13a3a9e97384}","minVersion":"62.0.3","maxVersion":"62.*"}],"targetPlatforms":[],"seen":true,"dependencies":[],"hasEmbeddedWebExtension":false,"userPermissions":null,"icons":{},"blocklistState":0,"blocklistURL":null,"startupData":null,"location":"app-system-defaults"}
1540123978308	addons.manager	DEBUG	Registering startup change 'installed' for firefox@getpocket.com
1540123978309	addons.xpi	DEBUG	Loading bootstrap scope from C:\Program Files\Mozilla Firefox\browser\features\firefox@getpocket.com.xpi
1540123978319	addons.xpi	DEBUG	Calling bootstrap method install on firefox@getpocket.com version 1.0.5
1540123978319	addons.xpi-utils	DEBUG	Make addon app-system-defaults:firefox@getpocket.com visible
1540123978319	addons.xpi	DEBUG	Updating XPIState for {"id":"firefox@getpocket.com","syncGUID":"{f66d4be7-8524-44d1-870d-a59cfdffe743}","version":"1.0.5","type":"extension","defaultLocale":{"name":"Pocket","description":"When you find something you want to view later, put it in Pocket."},"visible":true,"active":false,"userDisabled":false,"appDisabled":false,"installDate":1538903299916,"updateDate":1538903299916,"applyBackgroundUpdates":1,"path":"C:\\Program Files\\Mozilla Firefox\\browser\\features\\firefox@getpocket.com.xpi","skinnable":false,"sourceURI":null,"releaseNotesURI":null,"softDisabled":false,"foreignInstall":false,"strictCompatibility":false,"locales":[],"targetApplications":[{"id":"{ec8030f7-c20a-464f-9b0e-13a3a9e97384}","minVersion":"62.0.3","maxVersion":"62.*"}],"targetPlatforms":[],"seen":true,"dependencies":[],"hasEmbeddedWebExtension":false,"userPermissions":null,"icons":{},"blocklistState":0,"blocklistURL":null,"startupData":null,"location":"app-system-defaults"}
1540123978320	addons.manager	DEBUG	Registering startup change 'installed' for formautofill@mozilla.org
1540123978320	addons.xpi	DEBUG	Loading bootstrap scope from C:\Program Files\Mozilla Firefox\browser\features\formautofill@mozilla.org.xpi
1540123978325	addons.xpi	DEBUG	Calling bootstrap method install on formautofill@mozilla.org version 1.0
1540123978325	addons.xpi-utils	DEBUG	Make addon app-system-defaults:formautofill@mozilla.org visible
1540123978325	addons.xpi	DEBUG	Updating XPIState for {"id":"formautofill@mozilla.org","syncGUID":"{7f8cbef6-e2b6-49ba-8606-e9d215b94925}","version":"1.0","type":"extension","defaultLocale":{"name":"Form Autofill","description":"Autofill forms with saved profiles"},"visible":true,"active":false,"userDisabled":false,"appDisabled":false,"installDate":1538903299802,"updateDate":1538903299802,"applyBackgroundUpdates":1,"path":"C:\\Program Files\\Mozilla Firefox\\browser\\features\\formautofill@mozilla.org.xpi","skinnable":false,"sourceURI":null,"releaseNotesURI":null,"softDisabled":false,"foreignInstall":false,"strictCompatibility":false,"locales":[],"targetApplications":[{"id":"{ec8030f7-c20a-464f-9b0e-13a3a9e97384}","minVersion":"62.0.3","maxVersion":"62.*"}],"targetPlatforms":[],"seen":true,"dependencies":[],"hasEmbeddedWebExtension":false,"userPermissions":null,"icons":{},"blocklistState":0,"blocklistURL":null,"startupData":null,"location":"app-system-defaults"}
1540123978326	addons.manager	DEBUG	Registering startup change 'installed' for onboarding@mozilla.org
1540123978326	addons.xpi	DEBUG	Loading bootstrap scope from C:\Program Files\Mozilla Firefox\browser\features\onboarding@mozilla.org.xpi
1540123978331	addons.xpi	DEBUG	Calling bootstrap method install on onboarding@mozilla.org version 1.0
1540123978332	addons.xpi-utils	DEBUG	Make addon app-system-defaults:onboarding@mozilla.org visible
1540123978332	addons.xpi	DEBUG	Updating XPIState for {"id":"onboarding@mozilla.org","syncGUID":"{a79608e7-e1a9-479b-8f99-b61935544903}","version":"1.0","type":"extension","defaultLocale":{"name":"Photon onboarding","description":"Photon onboarding"},"visible":true,"active":false,"userDisabled":false,"appDisabled":false,"installDate":1538903299652,"updateDate":1538903299652,"applyBackgroundUpdates":1,"path":"C:\\Program Files\\Mozilla Firefox\\browser\\features\\onboarding@mozilla.org.xpi","skinnable":false,"sourceURI":null,"releaseNotesURI":null,"softDisabled":false,"foreignInstall":false,"strictCompatibility":false,"locales":[],"targetApplications":[{"id":"{ec8030f7-c20a-464f-9b0e-13a3a9e97384}","minVersion":"62.0.3","maxVersion":"62.*"}],"targetPlatforms":[],"seen":true,"dependencies":[],"hasEmbeddedWebExtension":false,"userPermissions":null,"icons":{},"blocklistState":0,"blocklistURL":null,"startupData":null,"location":"app-system-defaults"}
1540123978332	addons.manager	DEBUG	Registering startup change 'installed' for screenshots@mozilla.org
1540123978333	addons.xpi	DEBUG	Loading bootstrap scope from C:\Program Files\Mozilla Firefox\browser\features\screenshots@mozilla.org.xpi
1540123978338	addons.xpi	DEBUG	Calling bootstrap method install on screenshots@mozilla.org version 33.0.0
1540123978338	addons.xpi-utils	DEBUG	Make addon app-system-defaults:screenshots@mozilla.org visible
1540123978338	addons.xpi	DEBUG	Updating XPIState for {"id":"screenshots@mozilla.org","syncGUID":"{edc0e85b-3c09-4cd4-b957-0e2b183135a4}","version":"33.0.0","type":"extension","defaultLocale":{"name":"Firefox Screenshots","homepageURL":"https://screenshots.firefox.com/"},"visible":true,"active":false,"userDisabled":false,"appDisabled":false,"installDate":1536493180451,"updateDate":1536493180451,"applyBackgroundUpdates":1,"path":"C:\\Program Files\\Mozilla Firefox\\browser\\features\\screenshots@mozilla.org.xpi","skinnable":false,"sourceURI":null,"releaseNotesURI":null,"softDisabled":false,"foreignInstall":false,"strictCompatibility":false,"locales":[],"targetApplications":[{"id":"{ec8030f7-c20a-464f-9b0e-13a3a9e97384}","minVersion":"57.0a1","maxVersion":"*"}],"targetPlatforms":[],"seen":true,"dependencies":[],"hasEmbeddedWebExtension":false,"userPermissions":null,"icons":{},"blocklistState":0,"blocklistURL":null,"startupData":null,"location":"app-system-defaults"}
1540123978338	addons.manager	DEBUG	Registering startup change 'installed' for webcompat-reporter@mozilla.org
1540123978339	addons.xpi	DEBUG	Loading bootstrap scope from C:\Program Files\Mozilla Firefox\browser\features\webcompat-reporter@mozilla.org.xpi
1540123978343	addons.xpi	DEBUG	Calling bootstrap method install on webcompat-reporter@mozilla.org version 1.0.0
1540123978343	addons.xpi-utils	DEBUG	Make addon app-system-defaults:webcompat-reporter@mozilla.org visible
1540123978343	addons.xpi	DEBUG	Updating XPIState for {"id":"webcompat-reporter@mozilla.org","syncGUID":"{6548e9c6-6455-46ad-aff2-16ffb21829a2}","version":"1.0.0","type":"extension","defaultLocale":{"name":"WebCompat Reporter","description":"Report site compatibility issues on webcompat.com."},"visible":true,"active":false,"userDisabled":false,"appDisabled":false,"installDate":1538903299590,"updateDate":1538903299590,"applyBackgroundUpdates":1,"path":"C:\\Program Files\\Mozilla Firefox\\browser\\features\\webcompat-reporter@mozilla.org.xpi","skinnable":false,"sourceURI":null,"releaseNotesURI":null,"softDisabled":false,"foreignInstall":false,"strictCompatibility":false,"locales":[],"targetApplications":[{"id":"{ec8030f7-c20a-464f-9b0e-13a3a9e97384}","minVersion":"62.0.3","maxVersion":"62.*"}],"targetPlatforms":[],"seen":true,"dependencies":[],"hasEmbeddedWebExtension":false,"userPermissions":null,"icons":{},"blocklistState":0,"blocklistURL":null,"startupData":null,"location":"app-system-defaults"}
1540123978344	addons.manager	DEBUG	Registering startup change 'installed' for webcompat@mozilla.org
1540123978344	addons.xpi	DEBUG	Loading bootstrap scope from C:\Program Files\Mozilla Firefox\browser\features\webcompat@mozilla.org.xpi
1540123978348	addons.xpi	DEBUG	Calling bootstrap method install on webcompat@mozilla.org version 2.0
1540123978348	addons.xpi-utils	DEBUG	Make addon app-system-defaults:webcompat@mozilla.org visible
1540123978349	addons.xpi	DEBUG	Updating XPIState for {"id":"webcompat@mozilla.org","syncGUID":"{3438415c-2ff0-417a-b225-ddc4d7435daa}","version":"2.0","type":"extension","defaultLocale":{"name":"Web Compat","description":"Urgent post-release fixes for web compatibility."},"visible":true,"active":false,"userDisabled":false,"appDisabled":false,"installDate":1538903299555,"updateDate":1538903299555,"applyBackgroundUpdates":1,"path":"C:\\Program Files\\Mozilla Firefox\\browser\\features\\webcompat@mozilla.org.xpi","skinnable":false,"sourceURI":null,"releaseNotesURI":null,"softDisabled":false,"foreignInstall":false,"strictCompatibility":false,"locales":[],"targetApplications":[{"id":"{ec8030f7-c20a-464f-9b0e-13a3a9e97384}","minVersion":"62.0.3","maxVersion":"62.*"},{"id":"{aa3c5121-dab2-40e2-81ca-7ea25febc110}","minVersion":"62.0.3","maxVersion":"62.*"}],"targetPlatforms":[],"seen":true,"dependencies":[],"hasEmbeddedWebExtension":true,"userPermissions":null,"icons":{},"blocklistState":0,"blocklistURL":null,"startupData":null,"location":"app-system-defaults"}
1540123978349	addons.xpi	DEBUG	Updating XPIState for {"id":"activity-stream@mozilla.org","syncGUID":"{17003dac-7c3e-4cf3-96d8-f7119abb3bb2}","version":"2018.08.22.1219-93becf29","type":"extension","defaultLocale":{"name":"Activity Stream","description":"A rich visual history feed and a reimagined home page make it easier than ever to find exactly what you're looking for in Firefox."},"visible":true,"active":true,"userDisabled":false,"appDisabled":false,"installDate":1538903301139,"updateDate":1538903301139,"applyBackgroundUpdates":1,"path":"C:\\Program Files\\Mozilla Firefox\\browser\\features\\activity-stream@mozilla.org.xpi","skinnable":false,"sourceURI":null,"releaseNotesURI":null,"softDisabled":false,"foreignInstall":false,"strictCompatibility":false,"locales":[],"targetApplications":[{"id":"{ec8030f7-c20a-464f-9b0e-13a3a9e97384}","minVersion":"62.0.3","maxVersion":"62.*"}],"targetPlatforms":[],"seen":true,"dependencies":[],"hasEmbeddedWebExtension":false,"userPermissions":null,"icons":{},"blocklistState":0,"blocklistURL":null,"startupData":null,"location":"app-system-defaults"}
1540123978349	addons.xpi	DEBUG	Updating XPIState for {"id":"aushelper@mozilla.org","syncGUID":"{811630b9-8e27-47e8-9450-2f15dcab7e65}","version":"2.0","type":"extension","defaultLocale":{"name":"Application Update Service Helper","description":"Sets value(s) in the update url based on custom checks."},"visible":true,"active":true,"userDisabled":false,"appDisabled":false,"installDate":1538903299951,"updateDate":1538903299951,"applyBackgroundUpdates":1,"path":"C:\\Program Files\\Mozilla Firefox\\browser\\features\\aushelper@mozilla.org.xpi","skinnable":false,"sourceURI":null,"releaseNotesURI":null,"softDisabled":false,"foreignInstall":false,"strictCompatibility":false,"locales":[],"targetApplications":[{"id":"{ec8030f7-c20a-464f-9b0e-13a3a9e97384}","minVersion":"62.0.3","maxVersion":"62.*"}],"targetPlatforms":[],"seen":true,"dependencies":[],"hasEmbeddedWebExtension":false,"userPermissions":null,"icons":{},"blocklistState":0,"blocklistURL":null,"startupData":null,"location":"app-system-defaults"}
1540123978350	addons.xpi	DEBUG	Updating XPIState for {"id":"firefox@getpocket.com","syncGUID":"{f66d4be7-8524-44d1-870d-a59cfdffe743}","version":"1.0.5","type":"extension","defaultLocale":{"name":"Pocket","description":"When you find something you want to view later, put it in Pocket."},"visible":true,"active":true,"userDisabled":false,"appDisabled":false,"installDate":1538903299916,"updateDate":1538903299916,"applyBackgroundUpdates":1,"path":"C:\\Program Files\\Mozilla Firefox\\browser\\features\\firefox@getpocket.com.xpi","skinnable":false,"sourceURI":null,"releaseNotesURI":null,"softDisabled":false,"foreignInstall":false,"strictCompatibility":false,"locales":[],"targetApplications":[{"id":"{ec8030f7-c20a-464f-9b0e-13a3a9e97384}","minVersion":"62.0.3","maxVersion":"62.*"}],"targetPlatforms":[],"seen":true,"dependencies":[],"hasEmbeddedWebExtension":false,"userPermissions":null,"icons":{},"blocklistState":0,"blocklistURL":null,"startupData":null,"location":"app-system-defaults"}
1540123978350	addons.xpi	DEBUG	Updating XPIState for {"id":"formautofill@mozilla.org","syncGUID":"{7f8cbef6-e2b6-49ba-8606-e9d215b94925}","version":"1.0","type":"extension","defaultLocale":{"name":"Form Autofill","description":"Autofill forms with saved profiles"},"visible":true,"active":true,"userDisabled":false,"appDisabled":false,"installDate":1538903299802,"updateDate":1538903299802,"applyBackgroundUpdates":1,"path":"C:\\Program Files\\Mozilla Firefox\\browser\\features\\formautofill@mozilla.org.xpi","skinnable":false,"sourceURI":null,"releaseNotesURI":null,"softDisabled":false,"foreignInstall":false,"strictCompatibility":false,"locales":[],"targetApplications":[{"id":"{ec8030f7-c20a-464f-9b0e-13a3a9e97384}","minVersion":"62.0.3","maxVersion":"62.*"}],"targetPlatforms":[],"seen":true,"dependencies":[],"hasEmbeddedWebExtension":false,"userPermissions":null,"icons":{},"blocklistState":0,"blocklistURL":null,"startupData":null,"location":"app-system-defaults"}
1540123978350	addons.xpi	DEBUG	Updating XPIState for {"id":"onboarding@mozilla.org","syncGUID":"{a79608e7-e1a9-479b-8f99-b61935544903}","version":"1.0","type":"extension","defaultLocale":{"name":"Photon onboarding","description":"Photon onboarding"},"visible":true,"active":true,"userDisabled":false,"appDisabled":false,"installDate":1538903299652,"updateDate":1538903299652,"applyBackgroundUpdates":1,"path":"C:\\Program Files\\Mozilla Firefox\\browser\\features\\onboarding@mozilla.org.xpi","skinnable":false,"sourceURI":null,"releaseNotesURI":null,"softDisabled":false,"foreignInstall":false,"strictCompatibility":false,"locales":[],"targetApplications":[{"id":"{ec8030f7-c20a-464f-9b0e-13a3a9e97384}","minVersion":"62.0.3","maxVersion":"62.*"}],"targetPlatforms":[],"seen":true,"dependencies":[],"hasEmbeddedWebExtension":false,"userPermissions":null,"icons":{},"blocklistState":0,"blocklistURL":null,"startupData":null,"location":"app-system-defaults"}
1540123978350	addons.xpi	DEBUG	Updating XPIState for {"id":"screenshots@mozilla.org","syncGUID":"{edc0e85b-3c09-4cd4-b957-0e2b183135a4}","version":"33.0.0","type":"extension","defaultLocale":{"name":"Firefox Screenshots","homepageURL":"https://screenshots.firefox.com/"},"visible":true,"active":true,"userDisabled":false,"appDisabled":false,"installDate":1536493180451,"updateDate":1536493180451,"applyBackgroundUpdates":1,"path":"C:\\Program Files\\Mozilla Firefox\\browser\\features\\screenshots@mozilla.org.xpi","skinnable":false,"sourceURI":null,"releaseNotesURI":null,"softDisabled":false,"foreignInstall":false,"strictCompatibility":false,"locales":[],"targetApplications":[{"id":"{ec8030f7-c20a-464f-9b0e-13a3a9e97384}","minVersion":"57.0a1","maxVersion":"*"}],"targetPlatforms":[],"seen":true,"dependencies":[],"hasEmbeddedWebExtension":false,"userPermissions":null,"icons":{},"blocklistState":0,"blocklistURL":null,"startupData":null,"location":"app-system-defaults"}
1540123978351	addons.xpi	DEBUG	Updating XPIState for {"id":"webcompat-reporter@mozilla.org","syncGUID":"{6548e9c6-6455-46ad-aff2-16ffb21829a2}","version":"1.0.0","type":"extension","defaultLocale":{"name":"WebCompat Reporter","description":"Report site compatibility issues on webcompat.com."},"visible":true,"active":true,"userDisabled":false,"appDisabled":false,"installDate":1538903299590,"updateDate":1538903299590,"applyBackgroundUpdates":1,"path":"C:\\Program Files\\Mozilla Firefox\\browser\\features\\webcompat-reporter@mozilla.org.xpi","skinnable":false,"sourceURI":null,"releaseNotesURI":null,"softDisabled":false,"foreignInstall":false,"strictCompatibility":false,"locales":[],"targetApplications":[{"id":"{ec8030f7-c20a-464f-9b0e-13a3a9e97384}","minVersion":"62.0.3","maxVersion":"62.*"}],"targetPlatforms":[],"seen":true,"dependencies":[],"hasEmbeddedWebExtension":false,"userPermissions":null,"icons":{},"blocklistState":0,"blocklistURL":null,"startupData":null,"location":"app-system-defaults"}
1540123978352	addons.xpi	DEBUG	Updating XPIState for {"id":"webcompat@mozilla.org","syncGUID":"{3438415c-2ff0-417a-b225-ddc4d7435daa}","version":"2.0","type":"extension","defaultLocale":{"name":"Web Compat","description":"Urgent post-release fixes for web compatibility."},"visible":true,"active":true,"userDisabled":false,"appDisabled":false,"installDate":1538903299555,"updateDate":1538903299555,"applyBackgroundUpdates":1,"path":"C:\\Program Files\\Mozilla Firefox\\browser\\features\\webcompat@mozilla.org.xpi","skinnable":false,"sourceURI":null,"releaseNotesURI":null,"softDisabled":false,"foreignInstall":false,"strictCompatibility":false,"locales":[],"targetApplications":[{"id":"{ec8030f7-c20a-464f-9b0e-13a3a9e97384}","minVersion":"62.0.3","maxVersion":"62.*"},{"id":"{aa3c5121-dab2-40e2-81ca-7ea25febc110}","minVersion":"62.0.3","maxVersion":"62.*"}],"targetPlatforms":[],"seen":true,"dependencies":[],"hasEmbeddedWebExtension":true,"userPermissions":null,"icons":{},"blocklistState":0,"blocklistURL":null,"startupData":null,"location":"app-system-defaults"}
1540123978352	addons.xpi-utils	DEBUG	Updating add-on states
1540123978357	addons.xpi	DEBUG	Registering manifest for C:\Program Files\Mozilla Firefox\browser\features\activity-stream@mozilla.org.xpi
1540123978360	addons.xpi	DEBUG	Calling bootstrap method startup on activity-stream@mozilla.org version 2018.08.22.1219-93becf29
1540123978361	addons.xpi	DEBUG	Registering manifest for C:\Program Files\Mozilla Firefox\browser\features\aushelper@mozilla.org.xpi
1540123978363	addons.xpi	DEBUG	Calling bootstrap method startup on aushelper@mozilla.org version 2.0
1540123978364	addons.xpi	DEBUG	Registering manifest for C:\Program Files\Mozilla Firefox\browser\features\firefox@getpocket.com.xpi
1540123978366	addons.xpi	DEBUG	Calling bootstrap method startup on firefox@getpocket.com version 1.0.5
1540123978375	addons.xpi	DEBUG	Registering manifest for C:\Program Files\Mozilla Firefox\browser\features\formautofill@mozilla.org.xpi
1540123978378	addons.xpi	DEBUG	Calling bootstrap method startup on formautofill@mozilla.org version 1.0
1540123978378	addons.xpi	DEBUG	Registering manifest for C:\Program Files\Mozilla Firefox\browser\features\onboarding@mozilla.org.xpi
1540123978380	addons.xpi	DEBUG	Calling bootstrap method startup on onboarding@mozilla.org version 1.0
1540123978381	addons.xpi	DEBUG	Registering manifest for C:\Program Files\Mozilla Firefox\browser\features\screenshots@mozilla.org.xpi
1540123978382	addons.xpi	DEBUG	Calling bootstrap method startup on screenshots@mozilla.org version 33.0.0
1540123978383	addons.xpi	DEBUG	Registering manifest for C:\Program Files\Mozilla Firefox\browser\features\webcompat-reporter@mozilla.org.xpi
1540123978384	addons.xpi	DEBUG	Calling bootstrap method startup on webcompat-reporter@mozilla.org version 1.0.0
1540123978385	addons.xpi	DEBUG	Registering manifest for C:\Program Files\Mozilla Firefox\browser\features\webcompat@mozilla.org.xpi
1540123978388	addons.xpi	DEBUG	Calling bootstrap method startup on webcompat@mozilla.org version 2.0
1540123978390	addons.manager	DEBUG	Registering shutdown blocker for XPIProvider
1540123978390	addons.manager	DEBUG	Provider finished startup: XPIProvider
1540123978391	addons.manager	DEBUG	Starting provider: LightweightThemeManager
1540123978391	addons.manager	DEBUG	Registering shutdown blocker for LightweightThemeManager
1540123978391	addons.manager	DEBUG	Provider finished startup: LightweightThemeManager
1540123978392	addons.manager	DEBUG	Starting provider: GMPProvider
1540123978398	addons.manager	DEBUG	Registering shutdown blocker for GMPProvider
1540123978398	addons.manager	DEBUG	Provider finished startup: GMPProvider
1540123978398	addons.manager	DEBUG	Starting provider: PluginProvider
1540123978398	addons.manager	DEBUG	Registering shutdown blocker for PluginProvider
1540123978398	addons.manager	DEBUG	Provider finished startup: PluginProvider
1540123978401	addons.manager	DEBUG	Completed startup sequence
1540123980684	addons.xpi	DEBUG	Existing add-on activity-stream@mozilla.org in app-system-defaults
1540123980685	addons.xpi	DEBUG	Existing add-on aushelper@mozilla.org in app-system-defaults
1540123980685	addons.xpi	DEBUG	Existing add-on firefox@getpocket.com in app-system-defaults
1540123980686	addons.xpi	DEBUG	Existing add-on formautofill@mozilla.org in app-system-defaults
1540123980686	addons.xpi	DEBUG	Existing add-on onboarding@mozilla.org in app-system-defaults
1540123980687	addons.xpi	DEBUG	Existing add-on screenshots@mozilla.org in app-system-defaults
1540123980687	addons.xpi	DEBUG	Existing add-on webcompat-reporter@mozilla.org in app-system-defaults
1540123980687	addons.xpi	DEBUG	Existing add-on webcompat@mozilla.org in app-system-defaults
1540123980688	addons.xpi	DEBUG	scanForChanges changed: false, state: {}
1540123981660	Marionette	INFO	Listening on port 54080
1540123982419	Marionette	WARN	TLS certificate errors will be ignored for this session
1540123982473	Marionette	DEBUG	[6442450945] Frame script loaded
1540123982476	Marionette	DEBUG	[6442450945] Frame script registered
1540123982516	Marionette	DEBUG	[6442450945] Received DOM event beforeunload for about:blank
1540123982519	Marionette	DEBUG	[6442450945] Received DOM event pagehide for about:blank
1540123982524	Marionette	DEBUG	[6442450945] Received DOM event DOMContentLoaded for about:blank
1540123982541	Marionette	DEBUG	[6442450945] Received DOM event pageshow for about:blank
1540123986076	Marionette	DEBUG	[6442450945] Received DOM event beforeunload for about:blank
1540123986471	Marionette	DEBUG	[6442450945] Received DOM event pagehide for about:blank
1540123989167	Marionette	DEBUG	[6442450945] Received DOM event DOMContentLoaded for https://clockify.me/login
1540123990141	Marionette	DEBUG	[6442450945] Received DOM event pageshow for https://clockify.me/login
1540123990779	Marionette	DEBUG	[6442450945] Canceled page load listener because no navigation has been detected
1540123990822	Marionette	DEBUG	[6442450945] Received DOM event beforeunload for https://clockify.me/login
1540123990873	Marionette	DEBUG	[6442450945] Received DOM event pagehide for https://clockify.me/login
1540123990875	Marionette	DEBUG	[6442450945] Received DOM event unload for https://clockify.me/login
1540123992697	Marionette	DEBUG	[6442450945] Received observer notification outer-window-destroyed for 6442450950
1540123992698	Marionette	DEBUG	[6442450945] Received DOM event DOMContentLoaded for https://clockify.me/login
1540123992999	Marionette	DEBUG	[6442450945] Received DOM event pageshow for https://clockify.me/login
1540123993617	Marionette	DEBUG	[6442450945] Canceled page load listener because no navigation has been detected
1540123993661	Marionette	DEBUG	[6442450945] Received DOM event beforeunload for https://clockify.me/login
1540123993698	Marionette	DEBUG	[6442450945] Received DOM event pagehide for https://clockify.me/login
1540123993704	Marionette	DEBUG	[6442450945] Received DOM event unload for https://clockify.me/login
1540123995648	Marionette	DEBUG	[6442450945] Received observer notification outer-window-destroyed for 6442450954
1540123995649	Marionette	DEBUG	[6442450945] Received DOM event DOMContentLoaded for https://clockify.me/login
1540123995970	Marionette	DEBUG	[6442450945] Received DOM event pageshow for https://clockify.me/login
1540123996574	Marionette	DEBUG	[6442450945] Canceled page load listener because no navigation has been detected
1540123996617	Marionette	DEBUG	[6442450945] Received DOM event beforeunload for https://clockify.me/login
1540123996656	Marionette	DEBUG	[6442450945] Received DOM event pagehide for https://clockify.me/login
1540123996661	Marionette	DEBUG	[6442450945] Received DOM event unload for https://clockify.me/login
1540123998481	Marionette	DEBUG	[6442450945] Received observer notification outer-window-destroyed for 6442450958
1540123998482	Marionette	DEBUG	[6442450945] Received DOM event DOMContentLoaded for https://clockify.me/login
1540123998809	Marionette	DEBUG	[6442450945] Received DOM event pageshow for https://clockify.me/login
1540123999523	Marionette	DEBUG	[6442450945] Canceled page load listener because no navigation has been detected
1540124001214	Marionette	DEBUG	[6442450945] Canceled page load listener because no navigation has been detected
1540124001260	Marionette	DEBUG	[6442450945] Received DOM event beforeunload for https://clockify.me/login
1540124001297	Marionette	DEBUG	[6442450945] Received DOM event pagehide for https://clockify.me/login
1540124001323	Marionette	DEBUG	[6442450945] Received DOM event unload for https://clockify.me/login
1540124001700	addons.productaddons	INFO	sending request to: https://aus5.mozilla.org/update/3/GMP/62.0.3/20181001155545/WINNT_x86_64-msvc-x64/en-US/release/Windows_NT%2010.0.0.0.17134.345%20(x64)/default/default/update.xml
1540124002544	Marionette	DEBUG	[6442450945] Received observer notification outer-window-destroyed for 6442450962
1540124002544	Marionette	DEBUG	[6442450945] Received DOM event DOMContentLoaded for https://clockify.me/login
1540124002862	Marionette	DEBUG	[6442450945] Received DOM event pageshow for https://clockify.me/login
1540124002926	addons.productaddons	INFO	Completed downloading document
1540124003282	addons.productaddons	INFO	downloadXHR File download. status=200
1540124003287	addons.productaddons	INFO	Downloaded file will be saved to C:\Users\Owner\AppData\Local\Temp\tmpaddon-5fbb34
1540124003392	Marionette	DEBUG	[6442450945] Canceled page load listener because no navigation has been detected
1540124004577	addons.productaddons	INFO	downloadXHR File download. status=200
1540124004586	addons.productaddons	INFO	Downloaded file will be saved to C:\Users\Owner\AppData\Local\Temp\tmpaddon-cb69cc
1540124004705	Marionette	DEBUG	[6442450945] Canceled page load listener because no navigation has been detected
1540124004802	Marionette	INFO	Stopped listening on port 54080
1540124004871	addons.xpi	DEBUG	Calling bootstrap method shutdown on webcompat@mozilla.org version 2.0
1540124004917	addons.xpi	DEBUG	Calling bootstrap method shutdown on webcompat-reporter@mozilla.org version 1.0.0
1540124004920	addons.xpi	DEBUG	Calling bootstrap method shutdown on screenshots@mozilla.org version 33.0.0
1540124004950	addons.xpi	DEBUG	Calling bootstrap method shutdown on onboarding@mozilla.org version 1.0
1540124004951	addons.xpi	DEBUG	Calling bootstrap method shutdown on formautofill@mozilla.org version 1.0
1540124004952	addons.xpi	DEBUG	Calling bootstrap method shutdown on firefox@getpocket.com version 1.0.5
1540124004953	addons.xpi	DEBUG	Calling bootstrap method shutdown on aushelper@mozilla.org version 2.0
1540124004953	addons.xpi	DEBUG	Calling bootstrap method shutdown on activity-stream@mozilla.org version 2018.08.22.1219-93becf29
[Child 8276, Chrome_ChildThread] WARNING: pipe error: 232: file z:/bui